<?xml version="1.0" encoding="utf-8"?>
<coverage line-rate="0.4758" branch-rate="0.38659999999999994" version="1.9" timestamp="1686045552" lines-covered="1598" lines-valid="3358" branches-covered="394" branches-valid="1019">
  <sources>
    <source>/home/student/SU23Guest/DIKUGames/</source>
  </sources>
  <packages>
    <package name="Breakout" line-rate="0.9078" branch-rate="0.9538" complexity="436">
      <classes>
        <class name="Breakout.BreakoutBus" filename="Breakout/BreakoutBus.cs" line-rate="1" branch-rate="1" complexity="2">
          <methods>
            <method name="GetBus" signature="()" line-rate="1" branch-rate="1" complexity="2">
              <lines>
                <line number="12" hits="476" branch="False" />
                <line number="13" hits="477" branch="True" condition-coverage="100% (2/2)">
                  <conditions>
                    <condition number="11" type="jump" coverage="100%" />
                  </conditions>
                </line>
                <line number="14" hits="1" branch="False" />
                <line number="15" hits="1" branch="False" />
                <line number="16" hits="1" branch="False" />
                <line number="17" hits="1" branch="False" />
                <line number="18" hits="1" branch="False" />
                <line number="19" hits="1" branch="False" />
                <line number="20" hits="1" branch="False" />
                <line number="21" hits="1" branch="False" />
                <line number="22" hits="1" branch="False" />
                <line number="23" hits="1" branch="False" />
                <line number="24" hits="476" branch="False" />
                <line number="25" hits="476" branch="False" />
              </lines>
            </method>
          </methods>
          <lines>
            <line number="12" hits="476" branch="False" />
            <line number="13" hits="477" branch="True" condition-coverage="100% (2/2)">
              <conditions>
                <condition number="11" type="jump" coverage="100%" />
              </conditions>
            </line>
            <line number="14" hits="1" branch="False" />
            <line number="15" hits="1" branch="False" />
            <line number="16" hits="1" branch="False" />
            <line number="17" hits="1" branch="False" />
            <line number="18" hits="1" branch="False" />
            <line number="19" hits="1" branch="False" />
            <line number="20" hits="1" branch="False" />
            <line number="21" hits="1" branch="False" />
            <line number="22" hits="1" branch="False" />
            <line number="23" hits="1" branch="False" />
            <line number="24" hits="476" branch="False" />
            <line number="25" hits="476" branch="False" />
          </lines>
        </class>
        <class name="Breakout.Constants" filename="Breakout/Constants.cs" line-rate="1" branch-rate="1" complexity="1">
          <methods>
            <method name=".cctor" signature="()" line-rate="1" branch-rate="1" complexity="1">
              <lines>
                <line number="9" hits="1" branch="False" />
                <line number="10" hits="1" branch="False" />
              </lines>
            </method>
          </methods>
          <lines>
            <line number="9" hits="1" branch="False" />
            <line number="10" hits="1" branch="False" />
          </lines>
        </class>
        <class name="Breakout.Game" filename="Breakout/Game.cs" line-rate="0" branch-rate="0" complexity="8">
          <methods>
            <method name="ProcessEvent" signature="(DIKUArcade.Events.GameEvent)" line-rate="0" branch-rate="0" complexity="4">
              <lines>
                <line number="24" hits="0" branch="False" />
                <line number="25" hits="0" branch="True" condition-coverage="0% (0/2)">
                  <conditions>
                    <condition number="12" type="jump" coverage="0%" />
                  </conditions>
                </line>
                <line number="26" hits="0" branch="True" condition-coverage="0% (0/2)">
                  <conditions>
                    <condition number="35" type="jump" coverage="0%" />
                  </conditions>
                </line>
                <line number="28" hits="0" branch="False" />
                <line number="29" hits="0" branch="False" />
                <line number="31" hits="0" branch="False" />
                <line number="32" hits="0" branch="False" />
              </lines>
            </method>
            <method name="KeyHandler" signature="(DIKUArcade.Input.KeyboardAction,DIKUArcade.Input.KeyboardKey)" line-rate="0" branch-rate="1" complexity="1">
              <lines>
                <line number="33" hits="0" branch="False" />
                <line number="34" hits="0" branch="False" />
                <line number="35" hits="0" branch="False" />
              </lines>
            </method>
            <method name="Render" signature="()" line-rate="0" branch-rate="1" complexity="1">
              <lines>
                <line number="39" hits="0" branch="False" />
                <line number="40" hits="0" branch="False" />
                <line number="41" hits="0" branch="False" />
              </lines>
            </method>
            <method name="Update" signature="()" line-rate="0" branch-rate="1" complexity="1">
              <lines>
                <line number="45" hits="0" branch="False" />
                <line number="46" hits="0" branch="False" />
                <line number="47" hits="0" branch="False" />
                <line number="48" hits="0" branch="False" />
              </lines>
            </method>
            <method name=".ctor" signature="(DIKUArcade.GUI.WindowArgs)" line-rate="0" branch-rate="1" complexity="1">
              <lines>
                <line number="13" hits="0" branch="False" />
                <line number="14" hits="0" branch="False" />
                <line number="15" hits="0" branch="False" />
                <line number="16" hits="0" branch="False" />
                <line number="18" hits="0" branch="False" />
                <line number="19" hits="0" branch="False" />
                <line number="20" hits="0" branch="False" />
              </lines>
            </method>
          </methods>
          <lines>
            <line number="24" hits="0" branch="False" />
            <line number="25" hits="0" branch="True" condition-coverage="0% (0/2)">
              <conditions>
                <condition number="12" type="jump" coverage="0%" />
              </conditions>
            </line>
            <line number="26" hits="0" branch="True" condition-coverage="0% (0/2)">
              <conditions>
                <condition number="35" type="jump" coverage="0%" />
              </conditions>
            </line>
            <line number="28" hits="0" branch="False" />
            <line number="29" hits="0" branch="False" />
            <line number="31" hits="0" branch="False" />
            <line number="32" hits="0" branch="False" />
            <line number="33" hits="0" branch="False" />
            <line number="34" hits="0" branch="False" />
            <line number="35" hits="0" branch="False" />
            <line number="39" hits="0" branch="False" />
            <line number="40" hits="0" branch="False" />
            <line number="41" hits="0" branch="False" />
            <line number="45" hits="0" branch="False" />
            <line number="46" hits="0" branch="False" />
            <line number="47" hits="0" branch="False" />
            <line number="48" hits="0" branch="False" />
            <line number="13" hits="0" branch="False" />
            <line number="14" hits="0" branch="False" />
            <line number="15" hits="0" branch="False" />
            <line number="16" hits="0" branch="False" />
            <line number="18" hits="0" branch="False" />
            <line number="19" hits="0" branch="False" />
            <line number="20" hits="0" branch="False" />
          </lines>
        </class>
        <class name="Breakout.Health" filename="Breakout/Health.cs" line-rate="0.9117000000000001" branch-rate="1" complexity="11">
          <methods>
            <method name="get__Health" signature="()" line-rate="1" branch-rate="1" complexity="1">
              <lines>
                <line number="12" hits="19" branch="False" />
              </lines>
            </method>
            <method name="ProcessEvent" signature="(DIKUArcade.Events.GameEvent)" line-rate="1" branch-rate="1" complexity="6">
              <lines>
                <line number="25" hits="552" branch="False" />
                <line number="26" hits="1104" branch="True" condition-coverage="100% (2/2)">
                  <conditions>
                    <condition number="12" type="jump" coverage="100%" />
                  </conditions>
                </line>
                <line number="27" hits="552" branch="True" condition-coverage="100% (4/4)">
                  <conditions>
                    <condition number="38" type="jump" coverage="100%" />
                    <condition number="51" type="jump" coverage="100%" />
                  </conditions>
                </line>
                <line number="29" hits="58" branch="False" />
                <line number="30" hits="58" branch="False" />
                <line number="31" hits="58" branch="False" />
                <line number="33" hits="14" branch="False" />
                <line number="34" hits="14" branch="False" />
                <line number="35" hits="14" branch="False" />
                <line number="37" hits="552" branch="False" />
                <line number="38" hits="552" branch="False" />
              </lines>
            </method>
            <method name="LoseHealth" signature="()" line-rate="1" branch-rate="1" complexity="2">
              <lines>
                <line number="42" hits="62" branch="False" />
                <line number="43" hits="62" branch="False" />
                <line number="44" hits="85" branch="True" condition-coverage="100% (2/2)">
                  <conditions>
                    <condition number="29" type="jump" coverage="100%" />
                  </conditions>
                </line>
                <line number="45" hits="23" branch="False" />
                <line number="46" hits="23" branch="False" />
                <line number="47" hits="23" branch="False" />
                <line number="48" hits="23" branch="False" />
                <line number="49" hits="23" branch="False" />
                <line number="50" hits="23" branch="False" />
                <line number="51" hits="23" branch="False" />
                <line number="52" hits="62" branch="False" />
              </lines>
            </method>
            <method name="Render" signature="()" line-rate="0" branch-rate="1" complexity="1">
              <lines>
                <line number="56" hits="0" branch="False" />
                <line number="57" hits="0" branch="False" />
                <line number="58" hits="0" branch="False" />
              </lines>
            </method>
            <method name=".ctor" signature="()" line-rate="1" branch-rate="1" complexity="1">
              <lines>
                <line number="14" hits="128" branch="False" />
                <line number="15" hits="64" branch="False" />
                <line number="16" hits="64" branch="False" />
                <line number="17" hits="64" branch="False" />
                <line number="18" hits="64" branch="False" />
                <line number="19" hits="64" branch="False" />
                <line number="20" hits="64" branch="False" />
                <line number="21" hits="64" branch="False" />
              </lines>
            </method>
          </methods>
          <lines>
            <line number="12" hits="19" branch="False" />
            <line number="25" hits="552" branch="False" />
            <line number="26" hits="1104" branch="True" condition-coverage="100% (2/2)">
              <conditions>
                <condition number="12" type="jump" coverage="100%" />
              </conditions>
            </line>
            <line number="27" hits="552" branch="True" condition-coverage="100% (4/4)">
              <conditions>
                <condition number="38" type="jump" coverage="100%" />
                <condition number="51" type="jump" coverage="100%" />
              </conditions>
            </line>
            <line number="29" hits="58" branch="False" />
            <line number="30" hits="58" branch="False" />
            <line number="31" hits="58" branch="False" />
            <line number="33" hits="14" branch="False" />
            <line number="34" hits="14" branch="False" />
            <line number="35" hits="14" branch="False" />
            <line number="37" hits="552" branch="False" />
            <line number="38" hits="552" branch="False" />
            <line number="42" hits="62" branch="False" />
            <line number="43" hits="62" branch="False" />
            <line number="44" hits="85" branch="True" condition-coverage="100% (2/2)">
              <conditions>
                <condition number="29" type="jump" coverage="100%" />
              </conditions>
            </line>
            <line number="45" hits="23" branch="False" />
            <line number="46" hits="23" branch="False" />
            <line number="47" hits="23" branch="False" />
            <line number="48" hits="23" branch="False" />
            <line number="49" hits="23" branch="False" />
            <line number="50" hits="23" branch="False" />
            <line number="51" hits="23" branch="False" />
            <line number="52" hits="62" branch="False" />
            <line number="56" hits="0" branch="False" />
            <line number="57" hits="0" branch="False" />
            <line number="58" hits="0" branch="False" />
            <line number="14" hits="128" branch="False" />
            <line number="15" hits="64" branch="False" />
            <line number="16" hits="64" branch="False" />
            <line number="17" hits="64" branch="False" />
            <line number="18" hits="64" branch="False" />
            <line number="19" hits="64" branch="False" />
            <line number="20" hits="64" branch="False" />
            <line number="21" hits="64" branch="False" />
          </lines>
        </class>
        <class name="Breakout.Points" filename="Breakout/Points.cs" line-rate="0.9117000000000001" branch-rate="1" complexity="11">
          <methods>
            <method name="GetInstance" signature="()" line-rate="1" branch-rate="1" complexity="2">
              <lines>
                <line number="23" hits="360" branch="False" />
                <line number="24" hits="434" branch="True" condition-coverage="100% (2/2)">
                  <conditions>
                    <condition number="11" type="jump" coverage="100%" />
                  </conditions>
                </line>
                <line number="25" hits="74" branch="False" />
                <line number="26" hits="74" branch="False" />
                <line number="27" hits="360" branch="False" />
                <line number="28" hits="360" branch="False" />
              </lines>
            </method>
            <method name="ProcessEvent" signature="(DIKUArcade.Events.GameEvent)" line-rate="1" branch-rate="1" complexity="4">
              <lines>
                <line number="32" hits="259" branch="False" />
                <line number="33" hits="518" branch="True" condition-coverage="100% (2/2)">
                  <conditions>
                    <condition number="12" type="jump" coverage="100%" />
                  </conditions>
                </line>
                <line number="34" hits="259" branch="True" condition-coverage="100% (2/2)">
                  <conditions>
                    <condition number="35" type="jump" coverage="100%" />
                  </conditions>
                </line>
                <line number="36" hits="45" branch="False" />
                <line number="37" hits="45" branch="False" />
                <line number="38" hits="45" branch="False" />
                <line number="40" hits="259" branch="False" />
                <line number="41" hits="259" branch="False" />
              </lines>
            </method>
            <method name="ResetPoints" signature="()" line-rate="1" branch-rate="1" complexity="1">
              <lines>
                <line number="45" hits="74" branch="False" />
                <line number="46" hits="74" branch="False" />
                <line number="47" hits="74" branch="False" />
              </lines>
            </method>
            <method name="GetPoints" signature="()" line-rate="1" branch-rate="1" complexity="1">
              <lines>
                <line number="51" hits="237" branch="False" />
                <line number="52" hits="237" branch="False" />
                <line number="53" hits="237" branch="False" />
              </lines>
            </method>
            <method name="UpdateText" signature="()" line-rate="1" branch-rate="1" complexity="1">
              <lines>
                <line number="57" hits="45" branch="False" />
                <line number="58" hits="45" branch="False" />
                <line number="59" hits="45" branch="False" />
              </lines>
            </method>
            <method name="Render" signature="()" line-rate="0" branch-rate="1" complexity="1">
              <lines>
                <line number="63" hits="0" branch="False" />
                <line number="64" hits="0" branch="False" />
                <line number="65" hits="0" branch="False" />
              </lines>
            </method>
            <method name=".ctor" signature="()" line-rate="1" branch-rate="1" complexity="1">
              <lines>
                <line number="10" hits="74" branch="False" />
                <line number="13" hits="148" branch="False" />
                <line number="14" hits="74" branch="False" />
                <line number="15" hits="74" branch="False" />
                <line number="16" hits="74" branch="False" />
                <line number="17" hits="74" branch="False" />
                <line number="18" hits="74" branch="False" />
                <line number="19" hits="74" branch="False" />
              </lines>
            </method>
          </methods>
          <lines>
            <line number="23" hits="360" branch="False" />
            <line number="24" hits="434" branch="True" condition-coverage="100% (2/2)">
              <conditions>
                <condition number="11" type="jump" coverage="100%" />
              </conditions>
            </line>
            <line number="25" hits="74" branch="False" />
            <line number="26" hits="74" branch="False" />
            <line number="27" hits="360" branch="False" />
            <line number="28" hits="360" branch="False" />
            <line number="32" hits="259" branch="False" />
            <line number="33" hits="518" branch="True" condition-coverage="100% (2/2)">
              <conditions>
                <condition number="12" type="jump" coverage="100%" />
              </conditions>
            </line>
            <line number="34" hits="259" branch="True" condition-coverage="100% (2/2)">
              <conditions>
                <condition number="35" type="jump" coverage="100%" />
              </conditions>
            </line>
            <line number="36" hits="45" branch="False" />
            <line number="37" hits="45" branch="False" />
            <line number="38" hits="45" branch="False" />
            <line number="40" hits="259" branch="False" />
            <line number="41" hits="259" branch="False" />
            <line number="45" hits="74" branch="False" />
            <line number="46" hits="74" branch="False" />
            <line number="47" hits="74" branch="False" />
            <line number="51" hits="237" branch="False" />
            <line number="52" hits="237" branch="False" />
            <line number="53" hits="237" branch="False" />
            <line number="57" hits="45" branch="False" />
            <line number="58" hits="45" branch="False" />
            <line number="59" hits="45" branch="False" />
            <line number="63" hits="0" branch="False" />
            <line number="64" hits="0" branch="False" />
            <line number="65" hits="0" branch="False" />
            <line number="10" hits="74" branch="False" />
            <line number="13" hits="148" branch="False" />
            <line number="14" hits="74" branch="False" />
            <line number="15" hits="74" branch="False" />
            <line number="16" hits="74" branch="False" />
            <line number="17" hits="74" branch="False" />
            <line number="18" hits="74" branch="False" />
            <line number="19" hits="74" branch="False" />
          </lines>
        </class>
        <class name="Breakout.Program" filename="Breakout/Program.cs" line-rate="0" branch-rate="1" complexity="1">
          <methods>
            <method name="Main" signature="(System.String[])" line-rate="0" branch-rate="1" complexity="1">
              <lines>
                <line number="4" hits="0" branch="False" />
                <line number="5" hits="0" branch="False" />
                <line number="6" hits="0" branch="False" />
                <line number="7" hits="0" branch="False" />
                <line number="8" hits="0" branch="False" />
              </lines>
            </method>
          </methods>
          <lines>
            <line number="4" hits="0" branch="False" />
            <line number="5" hits="0" branch="False" />
            <line number="6" hits="0" branch="False" />
            <line number="7" hits="0" branch="False" />
            <line number="8" hits="0" branch="False" />
          </lines>
        </class>
        <class name="Breakout.Timer" filename="Breakout/Timer.cs" line-rate="1" branch-rate="1" complexity="10">
          <methods>
            <method name="get_TimeLeft" signature="()" line-rate="1" branch-rate="1" complexity="1">
              <lines>
                <line number="14" hits="24" branch="False" />
              </lines>
            </method>
            <method name="SetTime" signature="(System.Int32)" line-rate="1" branch-rate="1" complexity="1">
              <lines>
                <line number="29" hits="54" branch="False" />
                <line number="30" hits="54" branch="False" />
                <line number="31" hits="54" branch="False" />
              </lines>
            </method>
            <method name="UpdateTime" signature="()" line-rate="1" branch-rate="1" complexity="2">
              <lines>
                <line number="35" hits="2" branch="False" />
                <line number="36" hits="2" branch="False" />
                <line number="37" hits="2" branch="False" />
                <line number="38" hits="4" branch="True" condition-coverage="100% (2/2)">
                  <conditions>
                    <condition number="47" type="jump" coverage="100%" />
                  </conditions>
                </line>
                <line number="39" hits="2" branch="False" />
                <line number="40" hits="2" branch="False" />
                <line number="41" hits="2" branch="False" />
                <line number="42" hits="2" branch="False" />
              </lines>
            </method>
            <method name="UpdateText" signature="()" line-rate="1" branch-rate="1" complexity="4">
              <lines>
                <line number="46" hits="3" branch="False" />
                <line number="47" hits="5" branch="True" condition-coverage="100% (2/2)">
                  <conditions>
                    <condition number="12" type="jump" coverage="100%" />
                  </conditions>
                </line>
                <line number="48" hits="2" branch="False" />
                <line number="49" hits="4" branch="True" condition-coverage="100% (2/2)">
                  <conditions>
                    <condition number="41" type="jump" coverage="100%" />
                  </conditions>
                </line>
                <line number="50" hits="2" branch="False" />
                <line number="51" hits="2" branch="False" />
                <line number="52" hits="3" branch="False" />
                <line number="53" hits="1" branch="False" />
                <line number="54" hits="1" branch="False" />
                <line number="55" hits="3" branch="False" />
              </lines>
            </method>
            <method name="Render" signature="()" line-rate="1" branch-rate="1" complexity="1">
              <lines>
                <line number="59" hits="3" branch="False" />
                <line number="60" hits="3" branch="False" />
                <line number="61" hits="3" branch="False" />
                <line number="62" hits="3" branch="False" />
              </lines>
            </method>
            <method name=".ctor" signature="(DIKUArcade.Math.Vec2F,System.Int32)" line-rate="1" branch-rate="1" complexity="1">
              <lines>
                <line number="16" hits="122" branch="False" />
                <line number="17" hits="61" branch="False" />
                <line number="18" hits="61" branch="False" />
                <line number="19" hits="61" branch="False" />
                <line number="20" hits="61" branch="False" />
                <line number="21" hits="61" branch="False" />
                <line number="22" hits="61" branch="False" />
                <line number="23" hits="61" branch="False" />
                <line number="24" hits="61" branch="False" />
                <line number="25" hits="61" branch="False" />
              </lines>
            </method>
          </methods>
          <lines>
            <line number="14" hits="24" branch="False" />
            <line number="29" hits="54" branch="False" />
            <line number="30" hits="54" branch="False" />
            <line number="31" hits="54" branch="False" />
            <line number="35" hits="2" branch="False" />
            <line number="36" hits="2" branch="False" />
            <line number="37" hits="2" branch="False" />
            <line number="38" hits="4" branch="True" condition-coverage="100% (2/2)">
              <conditions>
                <condition number="47" type="jump" coverage="100%" />
              </conditions>
            </line>
            <line number="39" hits="2" branch="False" />
            <line number="40" hits="2" branch="False" />
            <line number="41" hits="2" branch="False" />
            <line number="42" hits="2" branch="False" />
            <line number="46" hits="3" branch="False" />
            <line number="47" hits="5" branch="True" condition-coverage="100% (2/2)">
              <conditions>
                <condition number="12" type="jump" coverage="100%" />
              </conditions>
            </line>
            <line number="48" hits="2" branch="False" />
            <line number="49" hits="4" branch="True" condition-coverage="100% (2/2)">
              <conditions>
                <condition number="41" type="jump" coverage="100%" />
              </conditions>
            </line>
            <line number="50" hits="2" branch="False" />
            <line number="51" hits="2" branch="False" />
            <line number="52" hits="3" branch="False" />
            <line number="53" hits="1" branch="False" />
            <line number="54" hits="1" branch="False" />
            <line number="55" hits="3" branch="False" />
            <line number="59" hits="3" branch="False" />
            <line number="60" hits="3" branch="False" />
            <line number="61" hits="3" branch="False" />
            <line number="62" hits="3" branch="False" />
            <line number="16" hits="122" branch="False" />
            <line number="17" hits="61" branch="False" />
            <line number="18" hits="61" branch="False" />
            <line number="19" hits="61" branch="False" />
            <line number="20" hits="61" branch="False" />
            <line number="21" hits="61" branch="False" />
            <line number="22" hits="61" branch="False" />
            <line number="23" hits="61" branch="False" />
            <line number="24" hits="61" branch="False" />
            <line number="25" hits="61" branch="False" />
          </lines>
        </class>
        <class name="Breakout.States.GameLost" filename="Breakout/States/GameLost.cs" line-rate="0.8314" branch-rate="0.9166" complexity="18">
          <methods>
            <method name="get_ActiveMenuButton" signature="()" line-rate="1" branch-rate="1" complexity="1">
              <lines>
                <line number="22" hits="3" branch="False" />
              </lines>
            </method>
            <method name="GetInstance" signature="()" line-rate="1" branch-rate="1" complexity="2">
              <lines>
                <line number="31" hits="415" branch="False" />
                <line number="32" hits="621" branch="True" condition-coverage="100% (2/2)">
                  <conditions>
                    <condition number="11" type="jump" coverage="100%" />
                  </conditions>
                </line>
                <line number="33" hits="206" branch="False" />
                <line number="34" hits="206" branch="False" />
                <line number="35" hits="206" branch="False" />
                <line number="36" hits="415" branch="False" />
                <line number="37" hits="415" branch="False" />
              </lines>
            </method>
            <method name="InitializeGameState" signature="()" line-rate="1" branch-rate="1" complexity="1">
              <lines>
                <line number="41" hits="208" branch="False" />
                <line number="42" hits="208" branch="False" />
                <line number="43" hits="208" branch="False" />
                <line number="45" hits="208" branch="False" />
                <line number="46" hits="208" branch="False" />
                <line number="47" hits="208" branch="False" />
                <line number="48" hits="208" branch="False" />
                <line number="49" hits="208" branch="False" />
                <line number="50" hits="208" branch="False" />
                <line number="51" hits="208" branch="False" />
                <line number="52" hits="208" branch="False" />
                <line number="53" hits="208" branch="False" />
                <line number="54" hits="208" branch="False" />
                <line number="55" hits="208" branch="False" />
                <line number="57" hits="208" branch="False" />
                <line number="58" hits="208" branch="False" />
                <line number="59" hits="208" branch="False" />
                <line number="60" hits="208" branch="False" />
                <line number="61" hits="208" branch="False" />
                <line number="63" hits="208" branch="False" />
                <line number="64" hits="208" branch="False" />
                <line number="66" hits="208" branch="False" />
                <line number="67" hits="208" branch="False" />
                <line number="68" hits="208" branch="False" />
                <line number="69" hits="208" branch="False" />
                <line number="70" hits="208" branch="False" />
                <line number="72" hits="208" branch="False" />
                <line number="73" hits="208" branch="False" />
                <line number="74" hits="208" branch="False" />
                <line number="75" hits="208" branch="False" />
                <line number="76" hits="208" branch="False" />
                <line number="77" hits="208" branch="False" />
                <line number="78" hits="208" branch="False" />
                <line number="79" hits="208" branch="False" />
                <line number="80" hits="208" branch="False" />
              </lines>
            </method>
            <method name="ResetState" signature="()" line-rate="1" branch-rate="1" complexity="1">
              <lines>
                <line number="84" hits="205" branch="False" />
                <line number="85" hits="205" branch="False" />
                <line number="86" hits="205" branch="False" />
              </lines>
            </method>
            <method name="UpdateState" signature="()" line-rate="0" branch-rate="1" complexity="1">
              <lines>
                <line number="90" hits="0" branch="False" />
                <line number="91" hits="0" branch="False" />
              </lines>
            </method>
            <method name="RenderState" signature="()" line-rate="0" branch-rate="1" complexity="1">
              <lines>
                <line number="95" hits="0" branch="False" />
                <line number="96" hits="0" branch="False" />
                <line number="97" hits="0" branch="False" />
                <line number="98" hits="0" branch="False" />
                <line number="99" hits="0" branch="False" />
                <line number="100" hits="0" branch="False" />
                <line number="101" hits="0" branch="False" />
              </lines>
            </method>
            <method name="HandleKeyEvent" signature="(DIKUArcade.Input.KeyboardAction,DIKUArcade.Input.KeyboardKey)" line-rate="1" branch-rate="1" complexity="2">
              <lines>
                <line number="105" hits="4" branch="False" />
                <line number="106" hits="8" branch="True" condition-coverage="100% (2/2)">
                  <conditions>
                    <condition number="7" type="jump" coverage="100%" />
                  </conditions>
                </line>
                <line number="107" hits="4" branch="False" />
                <line number="108" hits="4" branch="False" />
                <line number="109" hits="4" branch="False" />
              </lines>
            </method>
            <method name="KeyPress" signature="(DIKUArcade.Input.KeyboardKey)" line-rate="0.76" branch-rate="0.875" complexity="8">
              <lines>
                <line number="110" hits="4" branch="False" />
                <line number="111" hits="4" branch="True" condition-coverage="100% (6/6)">
                  <conditions>
                    <condition number="8" type="jump" coverage="100%" />
                    <condition number="15" type="jump" coverage="100%" />
                    <condition number="22" type="jump" coverage="100%" />
                  </conditions>
                </line>
                <line number="113" hits="2" branch="False" />
                <line number="114" hits="2" branch="False" />
                <line number="115" hits="2" branch="False" />
                <line number="116" hits="2" branch="False" />
                <line number="118" hits="1" branch="False" />
                <line number="119" hits="1" branch="False" />
                <line number="120" hits="1" branch="False" />
                <line number="121" hits="1" branch="False" />
                <line number="123" hits="2" branch="True" condition-coverage="50% (1/2)">
                  <conditions>
                    <condition number="141" type="jump" coverage="50%" />
                  </conditions>
                </line>
                <line number="124" hits="1" branch="False" />
                <line number="125" hits="1" branch="False" />
                <line number="126" hits="1" branch="False" />
                <line number="127" hits="1" branch="False" />
                <line number="128" hits="1" branch="False" />
                <line number="129" hits="1" branch="False" />
                <line number="130" hits="0" branch="False" />
                <line number="131" hits="0" branch="False" />
                <line number="132" hits="0" branch="False" />
                <line number="133" hits="0" branch="False" />
                <line number="134" hits="0" branch="False" />
                <line number="135" hits="0" branch="False" />
                <line number="136" hits="1" branch="False" />
                <line number="138" hits="4" branch="False" />
              </lines>
            </method>
            <method name=".ctor" signature="()" line-rate="1" branch-rate="1" complexity="1">
              <lines>
                <line number="14" hits="213" branch="False" />
                <line number="16" hits="213" branch="False" />
                <line number="26" hits="213" branch="False" />
                <line number="27" hits="213" branch="False" />
              </lines>
            </method>
          </methods>
          <lines>
            <line number="22" hits="3" branch="False" />
            <line number="31" hits="415" branch="False" />
            <line number="32" hits="621" branch="True" condition-coverage="100% (2/2)">
              <conditions>
                <condition number="11" type="jump" coverage="100%" />
              </conditions>
            </line>
            <line number="33" hits="206" branch="False" />
            <line number="34" hits="206" branch="False" />
            <line number="35" hits="206" branch="False" />
            <line number="36" hits="415" branch="False" />
            <line number="37" hits="415" branch="False" />
            <line number="41" hits="208" branch="False" />
            <line number="42" hits="208" branch="False" />
            <line number="43" hits="208" branch="False" />
            <line number="45" hits="208" branch="False" />
            <line number="46" hits="208" branch="False" />
            <line number="47" hits="208" branch="False" />
            <line number="48" hits="208" branch="False" />
            <line number="49" hits="208" branch="False" />
            <line number="50" hits="208" branch="False" />
            <line number="51" hits="208" branch="False" />
            <line number="52" hits="208" branch="False" />
            <line number="53" hits="208" branch="False" />
            <line number="54" hits="208" branch="False" />
            <line number="55" hits="208" branch="False" />
            <line number="57" hits="208" branch="False" />
            <line number="58" hits="208" branch="False" />
            <line number="59" hits="208" branch="False" />
            <line number="60" hits="208" branch="False" />
            <line number="61" hits="208" branch="False" />
            <line number="63" hits="208" branch="False" />
            <line number="64" hits="208" branch="False" />
            <line number="66" hits="208" branch="False" />
            <line number="67" hits="208" branch="False" />
            <line number="68" hits="208" branch="False" />
            <line number="69" hits="208" branch="False" />
            <line number="70" hits="208" branch="False" />
            <line number="72" hits="208" branch="False" />
            <line number="73" hits="208" branch="False" />
            <line number="74" hits="208" branch="False" />
            <line number="75" hits="208" branch="False" />
            <line number="76" hits="208" branch="False" />
            <line number="77" hits="208" branch="False" />
            <line number="78" hits="208" branch="False" />
            <line number="79" hits="208" branch="False" />
            <line number="80" hits="208" branch="False" />
            <line number="84" hits="205" branch="False" />
            <line number="85" hits="205" branch="False" />
            <line number="86" hits="205" branch="False" />
            <line number="90" hits="0" branch="False" />
            <line number="91" hits="0" branch="False" />
            <line number="95" hits="0" branch="False" />
            <line number="96" hits="0" branch="False" />
            <line number="97" hits="0" branch="False" />
            <line number="98" hits="0" branch="False" />
            <line number="99" hits="0" branch="False" />
            <line number="100" hits="0" branch="False" />
            <line number="101" hits="0" branch="False" />
            <line number="105" hits="4" branch="False" />
            <line number="106" hits="8" branch="True" condition-coverage="100% (2/2)">
              <conditions>
                <condition number="7" type="jump" coverage="100%" />
              </conditions>
            </line>
            <line number="107" hits="4" branch="False" />
            <line number="108" hits="4" branch="False" />
            <line number="109" hits="4" branch="False" />
            <line number="110" hits="4" branch="False" />
            <line number="111" hits="4" branch="True" condition-coverage="100% (6/6)">
              <conditions>
                <condition number="8" type="jump" coverage="100%" />
                <condition number="15" type="jump" coverage="100%" />
                <condition number="22" type="jump" coverage="100%" />
              </conditions>
            </line>
            <line number="113" hits="2" branch="False" />
            <line number="114" hits="2" branch="False" />
            <line number="115" hits="2" branch="False" />
            <line number="116" hits="2" branch="False" />
            <line number="118" hits="1" branch="False" />
            <line number="119" hits="1" branch="False" />
            <line number="120" hits="1" branch="False" />
            <line number="121" hits="1" branch="False" />
            <line number="123" hits="2" branch="True" condition-coverage="50% (1/2)">
              <conditions>
                <condition number="141" type="jump" coverage="50%" />
              </conditions>
            </line>
            <line number="124" hits="1" branch="False" />
            <line number="125" hits="1" branch="False" />
            <line number="126" hits="1" branch="False" />
            <line number="127" hits="1" branch="False" />
            <line number="128" hits="1" branch="False" />
            <line number="129" hits="1" branch="False" />
            <line number="130" hits="0" branch="False" />
            <line number="131" hits="0" branch="False" />
            <line number="132" hits="0" branch="False" />
            <line number="133" hits="0" branch="False" />
            <line number="134" hits="0" branch="False" />
            <line number="135" hits="0" branch="False" />
            <line number="136" hits="1" branch="False" />
            <line number="138" hits="4" branch="False" />
            <line number="14" hits="213" branch="False" />
            <line number="16" hits="213" branch="False" />
            <line number="26" hits="213" branch="False" />
            <line number="27" hits="213" branch="False" />
          </lines>
        </class>
        <class name="Breakout.States.GamePaused" filename="Breakout/States/GamePaused.cs" line-rate="0.9012" branch-rate="1" complexity="20">
          <methods>
            <method name="get_Background" signature="()" line-rate="1" branch-rate="1" complexity="1">
              <lines>
                <line number="17" hits="1" branch="False" />
              </lines>
            </method>
            <method name="get_PauseText" signature="()" line-rate="1" branch-rate="1" complexity="1">
              <lines>
                <line number="22" hits="1" branch="False" />
              </lines>
            </method>
            <method name="get_ActiveMenuButton" signature="()" line-rate="1" branch-rate="1" complexity="1">
              <lines>
                <line number="26" hits="5" branch="False" />
              </lines>
            </method>
            <method name="GetInstance" signature="()" line-rate="1" branch-rate="1" complexity="2">
              <lines>
                <line number="35" hits="49" branch="False" />
                <line number="36" hits="74" branch="True" condition-coverage="100% (2/2)">
                  <conditions>
                    <condition number="11" type="jump" coverage="100%" />
                  </conditions>
                </line>
                <line number="37" hits="25" branch="False" />
                <line number="38" hits="25" branch="False" />
                <line number="39" hits="25" branch="False" />
                <line number="40" hits="49" branch="False" />
                <line number="41" hits="49" branch="False" />
              </lines>
            </method>
            <method name="InitializeGameState" signature="()" line-rate="1" branch-rate="1" complexity="1">
              <lines>
                <line number="45" hits="30" branch="False" />
                <line number="46" hits="30" branch="False" />
                <line number="47" hits="30" branch="False" />
                <line number="48" hits="30" branch="False" />
                <line number="49" hits="30" branch="False" />
                <line number="50" hits="30" branch="False" />
                <line number="51" hits="30" branch="False" />
                <line number="52" hits="30" branch="False" />
                <line number="53" hits="30" branch="False" />
                <line number="54" hits="30" branch="False" />
                <line number="55" hits="30" branch="False" />
                <line number="56" hits="30" branch="False" />
                <line number="57" hits="30" branch="False" />
                <line number="58" hits="30" branch="False" />
                <line number="59" hits="30" branch="False" />
                <line number="60" hits="30" branch="False" />
                <line number="61" hits="30" branch="False" />
                <line number="62" hits="30" branch="False" />
                <line number="63" hits="30" branch="False" />
                <line number="64" hits="30" branch="False" />
                <line number="65" hits="30" branch="False" />
                <line number="66" hits="30" branch="False" />
                <line number="67" hits="30" branch="False" />
                <line number="68" hits="30" branch="False" />
                <line number="69" hits="30" branch="False" />
                <line number="70" hits="30" branch="False" />
                <line number="71" hits="30" branch="False" />
              </lines>
            </method>
            <method name="ResetState" signature="()" line-rate="1" branch-rate="1" complexity="1">
              <lines>
                <line number="75" hits="25" branch="False" />
                <line number="76" hits="25" branch="False" />
                <line number="77" hits="25" branch="False" />
              </lines>
            </method>
            <method name="UpdateState" signature="()" line-rate="0" branch-rate="1" complexity="1">
              <lines>
                <line number="81" hits="0" branch="False" />
                <line number="82" hits="0" branch="False" />
              </lines>
            </method>
            <method name="RenderState" signature="()" line-rate="0" branch-rate="1" complexity="1">
              <lines>
                <line number="86" hits="0" branch="False" />
                <line number="87" hits="0" branch="False" />
                <line number="88" hits="0" branch="False" />
                <line number="89" hits="0" branch="False" />
                <line number="90" hits="0" branch="False" />
                <line number="91" hits="0" branch="False" />
              </lines>
            </method>
            <method name="HandleKeyEvent" signature="(DIKUArcade.Input.KeyboardAction,DIKUArcade.Input.KeyboardKey)" line-rate="1" branch-rate="1" complexity="2">
              <lines>
                <line number="95" hits="7" branch="False" />
                <line number="96" hits="14" branch="True" condition-coverage="100% (2/2)">
                  <conditions>
                    <condition number="7" type="jump" coverage="100%" />
                  </conditions>
                </line>
                <line number="97" hits="7" branch="False" />
                <line number="98" hits="7" branch="False" />
                <line number="99" hits="7" branch="False" />
              </lines>
            </method>
            <method name="KeyPress" signature="(DIKUArcade.Input.KeyboardKey)" line-rate="1" branch-rate="1" complexity="8">
              <lines>
                <line number="100" hits="7" branch="False" />
                <line number="101" hits="7" branch="True" condition-coverage="100% (6/6)">
                  <conditions>
                    <condition number="8" type="jump" coverage="100%" />
                    <condition number="15" type="jump" coverage="100%" />
                    <condition number="22" type="jump" coverage="100%" />
                  </conditions>
                </line>
                <line number="103" hits="2" branch="False" />
                <line number="104" hits="2" branch="False" />
                <line number="105" hits="2" branch="False" />
                <line number="106" hits="2" branch="False" />
                <line number="108" hits="3" branch="False" />
                <line number="109" hits="3" branch="False" />
                <line number="110" hits="3" branch="False" />
                <line number="111" hits="3" branch="False" />
                <line number="113" hits="3" branch="True" condition-coverage="100% (2/2)">
                  <conditions>
                    <condition number="141" type="jump" coverage="100%" />
                  </conditions>
                </line>
                <line number="114" hits="1" branch="False" />
                <line number="115" hits="1" branch="False" />
                <line number="116" hits="1" branch="False" />
                <line number="117" hits="1" branch="False" />
                <line number="118" hits="1" branch="False" />
                <line number="119" hits="2" branch="False" />
                <line number="120" hits="1" branch="False" />
                <line number="121" hits="1" branch="False" />
                <line number="122" hits="1" branch="False" />
                <line number="123" hits="1" branch="False" />
                <line number="124" hits="1" branch="False" />
                <line number="125" hits="1" branch="False" />
                <line number="126" hits="2" branch="False" />
                <line number="128" hits="7" branch="False" />
              </lines>
            </method>
            <method name=".ctor" signature="()" line-rate="1" branch-rate="1" complexity="1">
              <lines>
                <line number="19" hits="38" branch="False" />
                <line number="30" hits="38" branch="False" />
                <line number="31" hits="38" branch="False" />
              </lines>
            </method>
          </methods>
          <lines>
            <line number="17" hits="1" branch="False" />
            <line number="22" hits="1" branch="False" />
            <line number="26" hits="5" branch="False" />
            <line number="35" hits="49" branch="False" />
            <line number="36" hits="74" branch="True" condition-coverage="100% (2/2)">
              <conditions>
                <condition number="11" type="jump" coverage="100%" />
              </conditions>
            </line>
            <line number="37" hits="25" branch="False" />
            <line number="38" hits="25" branch="False" />
            <line number="39" hits="25" branch="False" />
            <line number="40" hits="49" branch="False" />
            <line number="41" hits="49" branch="False" />
            <line number="45" hits="30" branch="False" />
            <line number="46" hits="30" branch="False" />
            <line number="47" hits="30" branch="False" />
            <line number="48" hits="30" branch="False" />
            <line number="49" hits="30" branch="False" />
            <line number="50" hits="30" branch="False" />
            <line number="51" hits="30" branch="False" />
            <line number="52" hits="30" branch="False" />
            <line number="53" hits="30" branch="False" />
            <line number="54" hits="30" branch="False" />
            <line number="55" hits="30" branch="False" />
            <line number="56" hits="30" branch="False" />
            <line number="57" hits="30" branch="False" />
            <line number="58" hits="30" branch="False" />
            <line number="59" hits="30" branch="False" />
            <line number="60" hits="30" branch="False" />
            <line number="61" hits="30" branch="False" />
            <line number="62" hits="30" branch="False" />
            <line number="63" hits="30" branch="False" />
            <line number="64" hits="30" branch="False" />
            <line number="65" hits="30" branch="False" />
            <line number="66" hits="30" branch="False" />
            <line number="67" hits="30" branch="False" />
            <line number="68" hits="30" branch="False" />
            <line number="69" hits="30" branch="False" />
            <line number="70" hits="30" branch="False" />
            <line number="71" hits="30" branch="False" />
            <line number="75" hits="25" branch="False" />
            <line number="76" hits="25" branch="False" />
            <line number="77" hits="25" branch="False" />
            <line number="81" hits="0" branch="False" />
            <line number="82" hits="0" branch="False" />
            <line number="86" hits="0" branch="False" />
            <line number="87" hits="0" branch="False" />
            <line number="88" hits="0" branch="False" />
            <line number="89" hits="0" branch="False" />
            <line number="90" hits="0" branch="False" />
            <line number="91" hits="0" branch="False" />
            <line number="95" hits="7" branch="False" />
            <line number="96" hits="14" branch="True" condition-coverage="100% (2/2)">
              <conditions>
                <condition number="7" type="jump" coverage="100%" />
              </conditions>
            </line>
            <line number="97" hits="7" branch="False" />
            <line number="98" hits="7" branch="False" />
            <line number="99" hits="7" branch="False" />
            <line number="100" hits="7" branch="False" />
            <line number="101" hits="7" branch="True" condition-coverage="100% (6/6)">
              <conditions>
                <condition number="8" type="jump" coverage="100%" />
                <condition number="15" type="jump" coverage="100%" />
                <condition number="22" type="jump" coverage="100%" />
              </conditions>
            </line>
            <line number="103" hits="2" branch="False" />
            <line number="104" hits="2" branch="False" />
            <line number="105" hits="2" branch="False" />
            <line number="106" hits="2" branch="False" />
            <line number="108" hits="3" branch="False" />
            <line number="109" hits="3" branch="False" />
            <line number="110" hits="3" branch="False" />
            <line number="111" hits="3" branch="False" />
            <line number="113" hits="3" branch="True" condition-coverage="100% (2/2)">
              <conditions>
                <condition number="141" type="jump" coverage="100%" />
              </conditions>
            </line>
            <line number="114" hits="1" branch="False" />
            <line number="115" hits="1" branch="False" />
            <line number="116" hits="1" branch="False" />
            <line number="117" hits="1" branch="False" />
            <line number="118" hits="1" branch="False" />
            <line number="119" hits="2" branch="False" />
            <line number="120" hits="1" branch="False" />
            <line number="121" hits="1" branch="False" />
            <line number="122" hits="1" branch="False" />
            <line number="123" hits="1" branch="False" />
            <line number="124" hits="1" branch="False" />
            <line number="125" hits="1" branch="False" />
            <line number="126" hits="2" branch="False" />
            <line number="128" hits="7" branch="False" />
            <line number="19" hits="38" branch="False" />
            <line number="30" hits="38" branch="False" />
            <line number="31" hits="38" branch="False" />
          </lines>
        </class>
        <class name="Breakout.States.GameRunning" filename="Breakout/States/GameRunning.cs" line-rate="0.9423" branch-rate="1" complexity="46">
          <methods>
            <method name="get_Health" signature="()" line-rate="1" branch-rate="1" complexity="1">
              <lines>
                <line number="23" hits="2" branch="False" />
              </lines>
            </method>
            <method name="get_Background" signature="()" line-rate="1" branch-rate="1" complexity="1">
              <lines>
                <line number="26" hits="4" branch="False" />
              </lines>
            </method>
            <method name="get_Levellst" signature="()" line-rate="1" branch-rate="1" complexity="1">
              <lines>
                <line number="29" hits="279" branch="False" />
              </lines>
            </method>
            <method name="get_Points" signature="()" line-rate="1" branch-rate="1" complexity="1">
              <lines>
                <line number="32" hits="4" branch="False" />
              </lines>
            </method>
            <method name="get_LevelManager" signature="()" line-rate="1" branch-rate="1" complexity="1">
              <lines>
                <line number="35" hits="77" branch="False" />
              </lines>
            </method>
            <method name="GetInstance" signature="()" line-rate="1" branch-rate="1" complexity="2">
              <lines>
                <line number="40" hits="86" branch="False" />
                <line number="41" hits="118" branch="True" condition-coverage="100% (2/2)">
                  <conditions>
                    <condition number="11" type="jump" coverage="100%" />
                  </conditions>
                </line>
                <line number="42" hits="32" branch="False" />
                <line number="43" hits="32" branch="False" />
                <line number="44" hits="32" branch="False" />
                <line number="45" hits="86" branch="False" />
                <line number="46" hits="86" branch="False" />
              </lines>
            </method>
            <method name="InitializeGameState" signature="()" line-rate="1" branch-rate="1" complexity="1">
              <lines>
                <line number="50" hits="42" branch="False" />
                <line number="51" hits="42" branch="False" />
                <line number="52" hits="42" branch="False" />
                <line number="53" hits="42" branch="False" />
                <line number="54" hits="42" branch="False" />
                <line number="55" hits="42" branch="False" />
                <line number="56" hits="42" branch="False" />
                <line number="57" hits="42" branch="False" />
                <line number="58" hits="42" branch="False" />
                <line number="59" hits="42" branch="False" />
                <line number="60" hits="42" branch="False" />
                <line number="61" hits="42" branch="False" />
                <line number="62" hits="42" branch="False" />
                <line number="63" hits="42" branch="False" />
                <line number="64" hits="42" branch="False" />
                <line number="65" hits="42" branch="False" />
                <line number="66" hits="42" branch="False" />
                <line number="67" hits="42" branch="False" />
              </lines>
            </method>
            <method name="ResetState" signature="()" line-rate="1" branch-rate="1" complexity="1">
              <lines>
                <line number="71" hits="31" branch="False" />
                <line number="72" hits="31" branch="False" />
                <line number="73" hits="31" branch="False" />
              </lines>
            </method>
            <method name="RenderState" signature="()" line-rate="0" branch-rate="1" complexity="1">
              <lines>
                <line number="77" hits="0" branch="False" />
                <line number="78" hits="0" branch="False" />
                <line number="79" hits="0" branch="False" />
                <line number="80" hits="0" branch="False" />
                <line number="81" hits="0" branch="False" />
                <line number="82" hits="0" branch="False" />
              </lines>
            </method>
            <method name="LoadLevels" signature="()" line-rate="1" branch-rate="1" complexity="6">
              <lines>
                <line number="83" hits="11" branch="False" />
                <line number="84" hits="15" branch="True" condition-coverage="100% (2/2)">
                  <conditions>
                    <condition number="17" type="jump" coverage="100%" />
                  </conditions>
                </line>
                <line number="85" hits="4" branch="False" />
                <line number="86" hits="4" branch="False" />
                <line number="87" hits="4" branch="False" />
                <line number="88" hits="4" branch="False" />
                <line number="89" hits="4" branch="False" />
                <line number="90" hits="4" branch="False" />
                <line number="91" hits="12" branch="True" condition-coverage="100% (2/2)">
                  <conditions>
                    <condition number="87" type="jump" coverage="100%" />
                  </conditions>
                </line>
                <line number="93" hits="5" branch="False" />
                <line number="94" hits="5" branch="True" condition-coverage="100% (2/2)">
                  <conditions>
                    <condition number="119" type="jump" coverage="100%" />
                  </conditions>
                </line>
                <line number="95" hits="4" branch="False" />
                <line number="96" hits="5" branch="False" />
                <line number="97" hits="11" branch="False" />
              </lines>
            </method>
            <method name="UpdateState" signature="()" line-rate="1" branch-rate="1" complexity="1">
              <lines>
                <line number="101" hits="11" branch="False" />
                <line number="102" hits="11" branch="False" />
                <line number="103" hits="11" branch="False" />
                <line number="104" hits="11" branch="False" />
              </lines>
            </method>
            <method name="HandleKeyEvent" signature="(DIKUArcade.Input.KeyboardAction,DIKUArcade.Input.KeyboardKey)" line-rate="1" branch-rate="1" complexity="4">
              <lines>
                <line number="108" hits="22" branch="False" />
                <line number="109" hits="22" branch="True" condition-coverage="100% (4/4)">
                  <conditions>
                    <condition number="6" type="jump" coverage="100%" />
                    <condition number="12" type="jump" coverage="100%" />
                  </conditions>
                </line>
                <line number="111" hits="16" branch="False" />
                <line number="112" hits="16" branch="False" />
                <line number="114" hits="6" branch="False" />
                <line number="115" hits="6" branch="False" />
                <line number="117" hits="22" branch="False" />
              </lines>
            </method>
            <method name="KeyPress" signature="(DIKUArcade.Input.KeyboardKey)" line-rate="1" branch-rate="1" complexity="14">
              <lines>
                <line number="118" hits="16" branch="False" />
                <line number="119" hits="16" branch="True" condition-coverage="100% (14/14)">
                  <conditions>
                    <condition number="8" type="jump" coverage="100%" />
                    <condition number="13" type="jump" coverage="100%" />
                    <condition number="20" type="jump" coverage="100%" />
                    <condition number="40" type="jump" coverage="100%" />
                    <condition number="47" type="jump" coverage="100%" />
                    <condition number="54" type="jump" coverage="100%" />
                    <condition number="27" type="jump" coverage="100%" />
                  </conditions>
                </line>
                <line number="122" hits="2" branch="False" />
                <line number="123" hits="2" branch="False" />
                <line number="124" hits="2" branch="False" />
                <line number="125" hits="2" branch="False" />
                <line number="126" hits="2" branch="False" />
                <line number="129" hits="2" branch="False" />
                <line number="130" hits="2" branch="False" />
                <line number="131" hits="2" branch="False" />
                <line number="132" hits="2" branch="False" />
                <line number="133" hits="2" branch="False" />
                <line number="135" hits="1" branch="False" />
                <line number="136" hits="1" branch="False" />
                <line number="137" hits="1" branch="False" />
                <line number="138" hits="1" branch="False" />
                <line number="139" hits="1" branch="False" />
                <line number="140" hits="1" branch="False" />
                <line number="142" hits="11" branch="False" />
                <line number="143" hits="11" branch="False" />
                <line number="144" hits="11" branch="False" />
                <line number="145" hits="11" branch="False" />
                <line number="146" hits="11" branch="False" />
                <line number="148" hits="16" branch="False" />
              </lines>
            </method>
            <method name="KeyRelease" signature="(DIKUArcade.Input.KeyboardKey)" line-rate="1" branch-rate="1" complexity="10">
              <lines>
                <line number="149" hits="6" branch="False" />
                <line number="150" hits="6" branch="True" condition-coverage="100% (10/10)">
                  <conditions>
                    <condition number="8" type="jump" coverage="100%" />
                    <condition number="13" type="jump" coverage="100%" />
                    <condition number="27" type="jump" coverage="100%" />
                    <condition number="34" type="jump" coverage="100%" />
                    <condition number="20" type="jump" coverage="100%" />
                  </conditions>
                </line>
                <line number="153" hits="2" branch="False" />
                <line number="154" hits="2" branch="False" />
                <line number="155" hits="2" branch="False" />
                <line number="156" hits="2" branch="False" />
                <line number="157" hits="2" branch="False" />
                <line number="160" hits="2" branch="False" />
                <line number="161" hits="2" branch="False" />
                <line number="162" hits="2" branch="False" />
                <line number="163" hits="2" branch="False" />
                <line number="164" hits="2" branch="False" />
                <line number="166" hits="6" branch="False" />
              </lines>
            </method>
            <method name=".ctor" signature="()" line-rate="1" branch-rate="1" complexity="1">
              <lines>
                <line number="16" hits="51" branch="False" />
                <line number="17" hits="51" branch="False" />
                <line number="19" hits="51" branch="False" />
              </lines>
            </method>
          </methods>
          <lines>
            <line number="23" hits="2" branch="False" />
            <line number="26" hits="4" branch="False" />
            <line number="29" hits="279" branch="False" />
            <line number="32" hits="4" branch="False" />
            <line number="35" hits="77" branch="False" />
            <line number="40" hits="86" branch="False" />
            <line number="41" hits="118" branch="True" condition-coverage="100% (2/2)">
              <conditions>
                <condition number="11" type="jump" coverage="100%" />
              </conditions>
            </line>
            <line number="42" hits="32" branch="False" />
            <line number="43" hits="32" branch="False" />
            <line number="44" hits="32" branch="False" />
            <line number="45" hits="86" branch="False" />
            <line number="46" hits="86" branch="False" />
            <line number="50" hits="42" branch="False" />
            <line number="51" hits="42" branch="False" />
            <line number="52" hits="42" branch="False" />
            <line number="53" hits="42" branch="False" />
            <line number="54" hits="42" branch="False" />
            <line number="55" hits="42" branch="False" />
            <line number="56" hits="42" branch="False" />
            <line number="57" hits="42" branch="False" />
            <line number="58" hits="42" branch="False" />
            <line number="59" hits="42" branch="False" />
            <line number="60" hits="42" branch="False" />
            <line number="61" hits="42" branch="False" />
            <line number="62" hits="42" branch="False" />
            <line number="63" hits="42" branch="False" />
            <line number="64" hits="42" branch="False" />
            <line number="65" hits="42" branch="False" />
            <line number="66" hits="42" branch="False" />
            <line number="67" hits="42" branch="False" />
            <line number="71" hits="31" branch="False" />
            <line number="72" hits="31" branch="False" />
            <line number="73" hits="31" branch="False" />
            <line number="77" hits="0" branch="False" />
            <line number="78" hits="0" branch="False" />
            <line number="79" hits="0" branch="False" />
            <line number="80" hits="0" branch="False" />
            <line number="81" hits="0" branch="False" />
            <line number="82" hits="0" branch="False" />
            <line number="83" hits="11" branch="False" />
            <line number="84" hits="15" branch="True" condition-coverage="100% (2/2)">
              <conditions>
                <condition number="17" type="jump" coverage="100%" />
              </conditions>
            </line>
            <line number="85" hits="4" branch="False" />
            <line number="86" hits="4" branch="False" />
            <line number="87" hits="4" branch="False" />
            <line number="88" hits="4" branch="False" />
            <line number="89" hits="4" branch="False" />
            <line number="90" hits="4" branch="False" />
            <line number="91" hits="12" branch="True" condition-coverage="100% (2/2)">
              <conditions>
                <condition number="87" type="jump" coverage="100%" />
              </conditions>
            </line>
            <line number="93" hits="5" branch="False" />
            <line number="94" hits="5" branch="True" condition-coverage="100% (2/2)">
              <conditions>
                <condition number="119" type="jump" coverage="100%" />
              </conditions>
            </line>
            <line number="95" hits="4" branch="False" />
            <line number="96" hits="5" branch="False" />
            <line number="97" hits="11" branch="False" />
            <line number="101" hits="11" branch="False" />
            <line number="102" hits="11" branch="False" />
            <line number="103" hits="11" branch="False" />
            <line number="104" hits="11" branch="False" />
            <line number="108" hits="22" branch="False" />
            <line number="109" hits="22" branch="True" condition-coverage="100% (4/4)">
              <conditions>
                <condition number="6" type="jump" coverage="100%" />
                <condition number="12" type="jump" coverage="100%" />
              </conditions>
            </line>
            <line number="111" hits="16" branch="False" />
            <line number="112" hits="16" branch="False" />
            <line number="114" hits="6" branch="False" />
            <line number="115" hits="6" branch="False" />
            <line number="117" hits="22" branch="False" />
            <line number="118" hits="16" branch="False" />
            <line number="119" hits="16" branch="True" condition-coverage="100% (14/14)">
              <conditions>
                <condition number="8" type="jump" coverage="100%" />
                <condition number="13" type="jump" coverage="100%" />
                <condition number="20" type="jump" coverage="100%" />
                <condition number="40" type="jump" coverage="100%" />
                <condition number="47" type="jump" coverage="100%" />
                <condition number="54" type="jump" coverage="100%" />
                <condition number="27" type="jump" coverage="100%" />
              </conditions>
            </line>
            <line number="122" hits="2" branch="False" />
            <line number="123" hits="2" branch="False" />
            <line number="124" hits="2" branch="False" />
            <line number="125" hits="2" branch="False" />
            <line number="126" hits="2" branch="False" />
            <line number="129" hits="2" branch="False" />
            <line number="130" hits="2" branch="False" />
            <line number="131" hits="2" branch="False" />
            <line number="132" hits="2" branch="False" />
            <line number="133" hits="2" branch="False" />
            <line number="135" hits="1" branch="False" />
            <line number="136" hits="1" branch="False" />
            <line number="137" hits="1" branch="False" />
            <line number="138" hits="1" branch="False" />
            <line number="139" hits="1" branch="False" />
            <line number="140" hits="1" branch="False" />
            <line number="142" hits="11" branch="False" />
            <line number="143" hits="11" branch="False" />
            <line number="144" hits="11" branch="False" />
            <line number="145" hits="11" branch="False" />
            <line number="146" hits="11" branch="False" />
            <line number="148" hits="16" branch="False" />
            <line number="149" hits="6" branch="False" />
            <line number="150" hits="6" branch="True" condition-coverage="100% (10/10)">
              <conditions>
                <condition number="8" type="jump" coverage="100%" />
                <condition number="13" type="jump" coverage="100%" />
                <condition number="27" type="jump" coverage="100%" />
                <condition number="34" type="jump" coverage="100%" />
                <condition number="20" type="jump" coverage="100%" />
              </conditions>
            </line>
            <line number="153" hits="2" branch="False" />
            <line number="154" hits="2" branch="False" />
            <line number="155" hits="2" branch="False" />
            <line number="156" hits="2" branch="False" />
            <line number="157" hits="2" branch="False" />
            <line number="160" hits="2" branch="False" />
            <line number="161" hits="2" branch="False" />
            <line number="162" hits="2" branch="False" />
            <line number="163" hits="2" branch="False" />
            <line number="164" hits="2" branch="False" />
            <line number="166" hits="6" branch="False" />
            <line number="16" hits="51" branch="False" />
            <line number="17" hits="51" branch="False" />
            <line number="19" hits="51" branch="False" />
          </lines>
        </class>
        <class name="Breakout.States.GameWon" filename="Breakout/States/GameWon.cs" line-rate="0.8332999999999999" branch-rate="0.9166" complexity="18">
          <methods>
            <method name="get_ActiveMenuButton" signature="()" line-rate="1" branch-rate="1" complexity="1">
              <lines>
                <line number="22" hits="3" branch="False" />
              </lines>
            </method>
            <method name="GetInstance" signature="()" line-rate="1" branch-rate="1" complexity="2">
              <lines>
                <line number="31" hits="31" branch="False" />
                <line number="32" hits="46" branch="True" condition-coverage="100% (2/2)">
                  <conditions>
                    <condition number="11" type="jump" coverage="100%" />
                  </conditions>
                </line>
                <line number="33" hits="15" branch="False" />
                <line number="34" hits="15" branch="False" />
                <line number="35" hits="15" branch="False" />
                <line number="36" hits="31" branch="False" />
                <line number="37" hits="31" branch="False" />
              </lines>
            </method>
            <method name="InitializeGameState" signature="()" line-rate="1" branch-rate="1" complexity="1">
              <lines>
                <line number="41" hits="17" branch="False" />
                <line number="42" hits="17" branch="False" />
                <line number="43" hits="17" branch="False" />
                <line number="45" hits="17" branch="False" />
                <line number="46" hits="17" branch="False" />
                <line number="47" hits="17" branch="False" />
                <line number="48" hits="17" branch="False" />
                <line number="49" hits="17" branch="False" />
                <line number="50" hits="17" branch="False" />
                <line number="52" hits="17" branch="False" />
                <line number="53" hits="17" branch="False" />
                <line number="54" hits="17" branch="False" />
                <line number="55" hits="17" branch="False" />
                <line number="56" hits="17" branch="False" />
                <line number="57" hits="17" branch="False" />
                <line number="58" hits="17" branch="False" />
                <line number="59" hits="17" branch="False" />
                <line number="60" hits="17" branch="False" />
                <line number="61" hits="17" branch="False" />
                <line number="62" hits="17" branch="False" />
                <line number="63" hits="17" branch="False" />
                <line number="64" hits="17" branch="False" />
                <line number="65" hits="17" branch="False" />
                <line number="66" hits="17" branch="False" />
                <line number="68" hits="17" branch="False" />
                <line number="69" hits="17" branch="False" />
                <line number="70" hits="17" branch="False" />
                <line number="71" hits="17" branch="False" />
                <line number="72" hits="17" branch="False" />
                <line number="73" hits="17" branch="False" />
                <line number="74" hits="17" branch="False" />
                <line number="75" hits="17" branch="False" />
                <line number="76" hits="17" branch="False" />
                <line number="77" hits="17" branch="False" />
                <line number="78" hits="17" branch="False" />
                <line number="79" hits="17" branch="False" />
              </lines>
            </method>
            <method name="ResetState" signature="()" line-rate="1" branch-rate="1" complexity="1">
              <lines>
                <line number="83" hits="14" branch="False" />
                <line number="84" hits="14" branch="False" />
[...]
          <lines>
            <line number="17" hits="4739" branch="False" />
            <line number="18" hits="4739" branch="False" />
            <line number="19" hits="4739" branch="False" />
            <line number="33" hits="193" branch="False" />
            <line number="34" hits="193" branch="False" />
            <line number="35" hits="193" branch="False" />
            <line number="38" hits="3929" branch="True" condition-coverage="100% (2/2)">
              <conditions>
                <condition number="55" type="jump" coverage="100%" />
              </conditions>
            </line>
            <line number="39" hits="1181" branch="False" />
            <line number="40" hits="1181" branch="False" />
            <line number="43" hits="4644" branch="True" condition-coverage="100% (2/2)">
              <conditions>
                <condition number="123" type="jump" coverage="100%" />
              </conditions>
            </line>
            <line number="44" hits="2690" branch="True" condition-coverage="100% (2/2)">
              <conditions>
                <condition number="102" type="jump" coverage="100%" />
              </conditions>
            </line>
            <line number="45" hits="1335" branch="False" />
            <line number="46" hits="1335" branch="False" />
            <line number="47" hits="1355" branch="False" />
            <line number="48" hits="193" branch="False" />
            <line number="49" hits="193" branch="False" />
            <line number="54" hits="0" branch="False" />
            <line number="55" hits="0" branch="True" condition-coverage="0% (0/2)">
              <conditions>
                <condition number="61" type="jump" coverage="0%" />
              </conditions>
            </line>
            <line number="56" hits="0" branch="False" />
            <line number="57" hits="0" branch="False" />
            <line number="58" hits="0" branch="False" />
            <line number="63" hits="207" branch="False" />
            <line number="64" hits="207" branch="False" />
            <line number="65" hits="207" branch="False" />
            <line number="70" hits="201" branch="False" />
            <line number="71" hits="201" branch="False" />
            <line number="72" hits="201" branch="False" />
            <line number="78" hits="0" branch="False" />
            <line number="79" hits="0" branch="False" />
            <line number="80" hits="0" branch="False" />
            <line number="82" hits="42" branch="False" />
            <line number="83" hits="42" branch="False" />
            <line number="84" hits="42" branch="False" />
            <line number="11" hits="644" branch="False" />
            <line number="12" hits="322" branch="False" />
            <line number="13" hits="322" branch="False" />
            <line number="15" hits="0" branch="False" />
          </lines>
        </class>
        <class name="DIKUArcade.Entities.EntityContainer`1/EntityContainerEnum" filename="DIKUArcade/DIKUArcade/Entities/EntityContainerT.cs" line-rate="0.7857" branch-rate="1" complexity="6">
          <methods>
            <method name="MoveNext" signature="()" line-rate="1" branch-rate="1" complexity="1">
              <lines>
                <line number="94" hits="54" branch="False" />
                <line number="95" hits="54" branch="False" />
                <line number="96" hits="54" branch="False" />
                <line number="97" hits="54" branch="False" />
              </lines>
            </method>
            <method name="Reset" signature="()" line-rate="0" branch-rate="1" complexity="1">
              <lines>
                <line number="99" hits="0" branch="False" />
                <line number="100" hits="0" branch="False" />
                <line number="101" hits="0" branch="False" />
              </lines>
            </method>
            <method name="System.IDisposable.Dispose" signature="()" line-rate="1" branch-rate="1" complexity="1">
              <lines>
                <line number="103" hits="84" branch="False" />
              </lines>
            </method>
            <method name="System.Collections.IEnumerator.get_Current" signature="()" line-rate="1" branch-rate="1" complexity="1">
              <lines>
                <line number="105" hits="16" branch="False" />
              </lines>
            </method>
            <method name="get_Current" signature="()" line-rate="1" branch-rate="1" complexity="1">
              <lines>
                <line number="107" hits="16" branch="False" />
              </lines>
            </method>
            <method name=".ctor" signature="(System.Collections.Generic.List`1&lt;T&gt;)" line-rate="1" branch-rate="1" complexity="1">
              <lines>
                <line number="88" hits="42" branch="False" />
                <line number="90" hits="84" branch="False" />
                <line number="91" hits="42" branch="False" />
                <line number="92" hits="42" branch="False" />
              </lines>
            </method>
          </methods>
          <lines>
            <line number="94" hits="54" branch="False" />
            <line number="95" hits="54" branch="False" />
            <line number="96" hits="54" branch="False" />
            <line number="97" hits="54" branch="False" />
            <line number="99" hits="0" branch="False" />
            <line number="100" hits="0" branch="False" />
            <line number="101" hits="0" branch="False" />
            <line number="103" hits="84" branch="False" />
            <line number="105" hits="16" branch="False" />
            <line number="107" hits="16" branch="False" />
            <line number="88" hits="42" branch="False" />
            <line number="90" hits="84" branch="False" />
            <line number="91" hits="42" branch="False" />
            <line number="92" hits="42" branch="False" />
          </lines>
        </class>
        <class name="DIKUArcade.Entities.Shape" filename="DIKUArcade/DIKUArcade/Entities/Shape.cs" line-rate="0.0983" branch-rate="0.25" complexity="22">
          <methods>
            <method name="get_Rotation" signature="()" line-rate="1" branch-rate="1" complexity="1">
              <lines>
                <line number="8" hits="3" branch="False" />
              </lines>
            </method>
            <method name="get_Extent" signature="()" line-rate="1" branch-rate="1" complexity="1">
              <lines>
                <line number="14" hits="21585" branch="False" />
              </lines>
            </method>
            <method name="AsDynamicShape" signature="()" line-rate="1" branch-rate="0.5" complexity="2">
              <lines>
                <line number="24" hits="84" branch="False" />
                <line number="25" hits="84" branch="False" />
                <line number="26" hits="84" branch="True" condition-coverage="50% (1/2)">
                  <conditions>
                    <condition number="10" type="jump" coverage="50%" />
                  </conditions>
                </line>
                <line number="27" hits="84" branch="False" />
              </lines>
            </method>
            <method name="AsStationaryShape" signature="()" line-rate="0" branch-rate="0" complexity="2">
              <lines>
                <line number="36" hits="0" branch="False" />
                <line number="37" hits="0" branch="False" />
                <line number="38" hits="0" branch="True" condition-coverage="0% (0/2)">
                  <conditions>
                    <condition number="10" type="jump" coverage="0%" />
                  </conditions>
                </line>
                <line number="39" hits="0" branch="False" />
              </lines>
            </method>
            <method name="Scale" signature="(System.Single)" line-rate="0" branch-rate="1" complexity="1">
              <lines>
                <line number="43" hits="0" branch="False" />
                <line number="44" hits="0" branch="False" />
                <line number="45" hits="0" branch="False" />
              </lines>
            </method>
            <method name="Scale" signature="(DIKUArcade.Math.Vec2F)" line-rate="0" branch-rate="1" complexity="1">
              <lines>
                <line number="47" hits="0" branch="False" />
                <line number="49" hits="0" branch="False" />
                <line number="50" hits="0" branch="False" />
              </lines>
            </method>
            <method name="ScaleX" signature="(System.Single)" line-rate="0" branch-rate="1" complexity="1">
              <lines>
                <line number="52" hits="0" branch="False" />
                <line number="53" hits="0" branch="False" />
                <line number="54" hits="0" branch="False" />
              </lines>
            </method>
            <method name="ScaleY" signature="(System.Single)" line-rate="0" branch-rate="1" complexity="1">
              <lines>
                <line number="56" hits="0" branch="False" />
                <line number="57" hits="0" branch="False" />
                <line number="58" hits="0" branch="False" />
              </lines>
            </method>
            <method name="ScaleXFromCenter" signature="(System.Single)" line-rate="0" branch-rate="1" complexity="1">
              <lines>
                <line number="60" hits="0" branch="False" />
                <line number="61" hits="0" branch="False" />
                <line number="62" hits="0" branch="False" />
                <line number="63" hits="0" branch="False" />
              </lines>
            </method>
            <method name="ScaleYFromCenter" signature="(System.Single)" line-rate="0" branch-rate="1" complexity="1">
              <lines>
                <line number="65" hits="0" branch="False" />
                <line number="66" hits="0" branch="False" />
                <line number="67" hits="0" branch="False" />
                <line number="68" hits="0" branch="False" />
              </lines>
            </method>
            <method name="ScaleFromCenter" signature="(System.Single)" line-rate="0" branch-rate="1" complexity="1">
              <lines>
                <line number="70" hits="0" branch="False" />
                <line number="71" hits="0" branch="False" />
                <line number="72" hits="0" branch="False" />
                <line number="73" hits="0" branch="False" />
              </lines>
            </method>
            <method name="ScaleFromCenter" signature="(DIKUArcade.Math.Vec2F)" line-rate="0" branch-rate="1" complexity="1">
              <lines>
                <line number="75" hits="0" branch="False" />
                <line number="76" hits="0" branch="False" />
                <line number="77" hits="0" branch="False" />
                <line number="78" hits="0" branch="False" />
              </lines>
            </method>
            <method name="Move" signature="()" line-rate="0" branch-rate="1" complexity="1">
              <lines>
                <line number="83" hits="0" branch="False" />
              </lines>
            </method>
            <method name="Move" signature="(DIKUArcade.Math.Vec2F)" line-rate="0" branch-rate="1" complexity="1">
              <lines>
                <line number="85" hits="0" branch="False" />
                <line number="86" hits="0" branch="False" />
                <line number="87" hits="0" branch="False" />
              </lines>
            </method>
            <method name="MoveX" signature="(System.Single)" line-rate="0" branch-rate="1" complexity="1">
              <lines>
                <line number="89" hits="0" branch="False" />
                <line number="90" hits="0" branch="False" />
                <line number="91" hits="0" branch="False" />
              </lines>
            </method>
            <method name="MoveY" signature="(System.Single)" line-rate="0" branch-rate="1" complexity="1">
              <lines>
                <line number="93" hits="0" branch="False" />
                <line number="94" hits="0" branch="False" />
                <line number="95" hits="0" branch="False" />
              </lines>
            </method>
            <method name="Move" signature="(System.Single,System.Single)" line-rate="0" branch-rate="1" complexity="1">
              <lines>
                <line number="97" hits="0" branch="False" />
                <line number="98" hits="0" branch="False" />
                <line number="99" hits="0" branch="False" />
                <line number="100" hits="0" branch="False" />
              </lines>
            </method>
            <method name="Rotate" signature="(System.Single)" line-rate="0" branch-rate="1" complexity="1">
              <lines>
                <line number="102" hits="0" branch="False" />
                <line number="103" hits="0" branch="False" />
                <line number="104" hits="0" branch="False" />
              </lines>
            </method>
            <method name="SetRotation" signature="(System.Single)" line-rate="0" branch-rate="1" complexity="1">
              <lines>
                <line number="106" hits="0" branch="False" />
                <line number="107" hits="0" branch="False" />
                <line number="108" hits="0" branch="False" />
              </lines>
            </method>
            <method name="SetPosition" signature="(DIKUArcade.Math.Vec2F)" line-rate="0" branch-rate="1" complexity="1">
              <lines>
                <line number="110" hits="0" branch="False" />
                <line number="111" hits="0" branch="False" />
                <line number="112" hits="0" branch="False" />
              </lines>
            </method>
          </methods>
          <lines>
            <line number="8" hits="3" branch="False" />
            <line number="14" hits="21585" branch="False" />
            <line number="24" hits="84" branch="False" />
            <line number="25" hits="84" branch="False" />
            <line number="26" hits="84" branch="True" condition-coverage="50% (1/2)">
              <conditions>
                <condition number="10" type="jump" coverage="50%" />
              </conditions>
            </line>
            <line number="27" hits="84" branch="False" />
            <line number="36" hits="0" branch="False" />
            <line number="37" hits="0" branch="False" />
            <line number="38" hits="0" branch="True" condition-coverage="0% (0/2)">
              <conditions>
                <condition number="10" type="jump" coverage="0%" />
              </conditions>
            </line>
            <line number="39" hits="0" branch="False" />
            <line number="43" hits="0" branch="False" />
            <line number="44" hits="0" branch="False" />
            <line number="45" hits="0" branch="False" />
            <line number="47" hits="0" branch="False" />
            <line number="49" hits="0" branch="False" />
            <line number="50" hits="0" branch="False" />
            <line number="52" hits="0" branch="False" />
            <line number="53" hits="0" branch="False" />
            <line number="54" hits="0" branch="False" />
            <line number="56" hits="0" branch="False" />
            <line number="57" hits="0" branch="False" />
            <line number="58" hits="0" branch="False" />
            <line number="60" hits="0" branch="False" />
            <line number="61" hits="0" branch="False" />
            <line number="62" hits="0" branch="False" />
            <line number="63" hits="0" branch="False" />
            <line number="65" hits="0" branch="False" />
            <line number="66" hits="0" branch="False" />
            <line number="67" hits="0" branch="False" />
            <line number="68" hits="0" branch="False" />
            <line number="70" hits="0" branch="False" />
            <line number="71" hits="0" branch="False" />
            <line number="72" hits="0" branch="False" />
            <line number="73" hits="0" branch="False" />
            <line number="75" hits="0" branch="False" />
            <line number="76" hits="0" branch="False" />
            <line number="77" hits="0" branch="False" />
            <line number="78" hits="0" branch="False" />
            <line number="83" hits="0" branch="False" />
            <line number="85" hits="0" branch="False" />
            <line number="86" hits="0" branch="False" />
            <line number="87" hits="0" branch="False" />
            <line number="89" hits="0" branch="False" />
            <line number="90" hits="0" branch="False" />
            <line number="91" hits="0" branch="False" />
            <line number="93" hits="0" branch="False" />
            <line number="94" hits="0" branch="False" />
            <line number="95" hits="0" branch="False" />
            <line number="97" hits="0" branch="False" />
            <line number="98" hits="0" branch="False" />
            <line number="99" hits="0" branch="False" />
            <line number="100" hits="0" branch="False" />
            <line number="102" hits="0" branch="False" />
            <line number="103" hits="0" branch="False" />
            <line number="104" hits="0" branch="False" />
            <line number="106" hits="0" branch="False" />
            <line number="107" hits="0" branch="False" />
            <line number="108" hits="0" branch="False" />
            <line number="110" hits="0" branch="False" />
            <line number="111" hits="0" branch="False" />
            <line number="112" hits="0" branch="False" />
          </lines>
        </class>
        <class name="DIKUArcade.Entities.StationaryShape" filename="DIKUArcade/DIKUArcade/Entities/StationaryShape.cs" line-rate="0.3636" branch-rate="1" complexity="3">
          <methods>
            <method name="op_Explicit" signature="(DIKUArcade.Entities.StationaryShape)" line-rate="0" branch-rate="1" complexity="1">
              <lines>
                <line number="19" hits="0" branch="False" />
                <line number="20" hits="0" branch="False" />
                <line number="21" hits="0" branch="False" />
              </lines>
            </method>
            <method name=".ctor" signature="(System.Single,System.Single,System.Single,System.Single)" line-rate="0" branch-rate="1" complexity="1">
              <lines>
                <line number="9" hits="0" branch="False" />
                <line number="10" hits="0" branch="False" />
                <line number="11" hits="0" branch="False" />
                <line number="12" hits="0" branch="False" />
              </lines>
            </method>
            <method name=".ctor" signature="(DIKUArcade.Math.Vec2F,DIKUArcade.Math.Vec2F)" line-rate="1" branch-rate="1" complexity="1">
              <lines>
                <line number="14" hits="34296" branch="False" />
                <line number="15" hits="17148" branch="False" />
                <line number="16" hits="17148" branch="False" />
                <line number="17" hits="17148" branch="False" />
              </lines>
            </method>
          </methods>
          <lines>
            <line number="19" hits="0" branch="False" />
            <line number="20" hits="0" branch="False" />
            <line number="21" hits="0" branch="False" />
            <line number="9" hits="0" branch="False" />
            <line number="10" hits="0" branch="False" />
            <line number="11" hits="0" branch="False" />
            <line number="12" hits="0" branch="False" />
            <line number="14" hits="34296" branch="False" />
            <line number="15" hits="17148" branch="False" />
            <line number="16" hits="17148" branch="False" />
            <line number="17" hits="17148" branch="False" />
          </lines>
        </class>
      </classes>
    </package>
  </packages>
</coverage>