<?xml version="1.0" encoding="utf-8"?>
<coverage line-rate="0.4827" branch-rate="0.3895" version="1.9" timestamp="1685896338" lines-covered="1627" lines-valid="3370" branches-covered="397" branches-valid="1019">
  <sources>
    <source>/home/student/SU23Guest/DIKUGames/</source>
  </sources>
  <packages>
    <package name="Breakout" line-rate="0.9218999999999999" branch-rate="0.963" complexity="437">
      <classes>
        <class name="Breakout.BreakoutBus" filename="Breakout/BreakoutBus.cs" line-rate="1" branch-rate="1" complexity="2">
          <methods>
            <method name="GetBus" signature="()" line-rate="1" branch-rate="1" complexity="2">
              <lines>
                <line number="12" hits="433" branch="False" />
                <line number="13" hits="434" branch="True" condition-coverage="100% (2/2)">
                  <conditions>
                    <condition number="11" type="jump" coverage="100%" />
                  </conditions>
                </line>
                <line number="14" hits="1" branch="False" />
                <line number="15" hits="1" branch="False" />
                <line number="16" hits="1" branch="False" />
                <line number="17" hits="1" branch="False" />
                <line number="18" hits="1" branch="False" />
                <line number="19" hits="1" branch="False" />
                <line number="20" hits="1" branch="False" />
                <line number="21" hits="1" branch="False" />
                <line number="22" hits="1" branch="False" />
                <line number="23" hits="1" branch="False" />
                <line number="24" hits="433" branch="False" />
                <line number="25" hits="433" branch="False" />
              </lines>
            </method>
          </methods>
          <lines>
            <line number="12" hits="433" branch="False" />
            <line number="13" hits="434" branch="True" condition-coverage="100% (2/2)">
              <conditions>
                <condition number="11" type="jump" coverage="100%" />
              </conditions>
            </line>
            <line number="14" hits="1" branch="False" />
            <line number="15" hits="1" branch="False" />
            <line number="16" hits="1" branch="False" />
            <line number="17" hits="1" branch="False" />
            <line number="18" hits="1" branch="False" />
            <line number="19" hits="1" branch="False" />
            <line number="20" hits="1" branch="False" />
            <line number="21" hits="1" branch="False" />
            <line number="22" hits="1" branch="False" />
            <line number="23" hits="1" branch="False" />
            <line number="24" hits="433" branch="False" />
            <line number="25" hits="433" branch="False" />
          </lines>
        </class>
        <class name="Breakout.Constants" filename="Breakout/Constants.cs" line-rate="1" branch-rate="1" complexity="1">
          <methods>
            <method name=".cctor" signature="()" line-rate="1" branch-rate="1" complexity="1">
              <lines>
                <line number="9" hits="1" branch="False" />
                <line number="10" hits="1" branch="False" />
              </lines>
            </method>
          </methods>
          <lines>
            <line number="9" hits="1" branch="False" />
            <line number="10" hits="1" branch="False" />
          </lines>
        </class>
        <class name="Breakout.Game" filename="Breakout/Game.cs" line-rate="0" branch-rate="0" complexity="8">
          <methods>
            <method name="ProcessEvent" signature="(DIKUArcade.Events.GameEvent)" line-rate="0" branch-rate="0" complexity="4">
              <lines>
                <line number="24" hits="0" branch="False" />
                <line number="25" hits="0" branch="True" condition-coverage="0% (0/2)">
                  <conditions>
                    <condition number="12" type="jump" coverage="0%" />
                  </conditions>
                </line>
                <line number="26" hits="0" branch="True" condition-coverage="0% (0/2)">
                  <conditions>
                    <condition number="35" type="jump" coverage="0%" />
                  </conditions>
                </line>
                <line number="28" hits="0" branch="False" />
                <line number="29" hits="0" branch="False" />
                <line number="31" hits="0" branch="False" />
                <line number="32" hits="0" branch="False" />
              </lines>
            </method>
            <method name="KeyHandler" signature="(DIKUArcade.Input.KeyboardAction,DIKUArcade.Input.KeyboardKey)" line-rate="0" branch-rate="1" complexity="1">
              <lines>
                <line number="33" hits="0" branch="False" />
                <line number="34" hits="0" branch="False" />
                <line number="35" hits="0" branch="False" />
              </lines>
            </method>
            <method name="Render" signature="()" line-rate="0" branch-rate="1" complexity="1">
              <lines>
                <line number="39" hits="0" branch="False" />
                <line number="40" hits="0" branch="False" />
                <line number="41" hits="0" branch="False" />
              </lines>
            </method>
            <method name="Update" signature="()" line-rate="0" branch-rate="1" complexity="1">
              <lines>
                <line number="45" hits="0" branch="False" />
                <line number="46" hits="0" branch="False" />
                <line number="47" hits="0" branch="False" />
                <line number="48" hits="0" branch="False" />
              </lines>
            </method>
            <method name=".ctor" signature="(DIKUArcade.GUI.WindowArgs)" line-rate="0" branch-rate="1" complexity="1">
              <lines>
                <line number="13" hits="0" branch="False" />
                <line number="14" hits="0" branch="False" />
                <line number="15" hits="0" branch="False" />
                <line number="16" hits="0" branch="False" />
                <line number="18" hits="0" branch="False" />
                <line number="19" hits="0" branch="False" />
                <line number="20" hits="0" branch="False" />
              </lines>
            </method>
          </methods>
          <lines>
            <line number="24" hits="0" branch="False" />
            <line number="25" hits="0" branch="True" condition-coverage="0% (0/2)">
              <conditions>
                <condition number="12" type="jump" coverage="0%" />
              </conditions>
            </line>
            <line number="26" hits="0" branch="True" condition-coverage="0% (0/2)">
              <conditions>
                <condition number="35" type="jump" coverage="0%" />
              </conditions>
            </line>
            <line number="28" hits="0" branch="False" />
            <line number="29" hits="0" branch="False" />
            <line number="31" hits="0" branch="False" />
            <line number="32" hits="0" branch="False" />
            <line number="33" hits="0" branch="False" />
            <line number="34" hits="0" branch="False" />
            <line number="35" hits="0" branch="False" />
            <line number="39" hits="0" branch="False" />
            <line number="40" hits="0" branch="False" />
            <line number="41" hits="0" branch="False" />
            <line number="45" hits="0" branch="False" />
            <line number="46" hits="0" branch="False" />
            <line number="47" hits="0" branch="False" />
            <line number="48" hits="0" branch="False" />
            <line number="13" hits="0" branch="False" />
            <line number="14" hits="0" branch="False" />
            <line number="15" hits="0" branch="False" />
            <line number="16" hits="0" branch="False" />
            <line number="18" hits="0" branch="False" />
            <line number="19" hits="0" branch="False" />
            <line number="20" hits="0" branch="False" />
          </lines>
        </class>
        <class name="Breakout.Health" filename="Breakout/Health.cs" line-rate="0.9117000000000001" branch-rate="1" complexity="11">
          <methods>
            <method name="get__Health" signature="()" line-rate="1" branch-rate="1" complexity="1">
              <lines>
                <line number="11" hits="19" branch="False" />
              </lines>
            </method>
            <method name="ProcessEvent" signature="(DIKUArcade.Events.GameEvent)" line-rate="1" branch-rate="1" complexity="6">
              <lines>
                <line number="23" hits="422" branch="False" />
                <line number="24" hits="844" branch="True" condition-coverage="100% (2/2)">
                  <conditions>
                    <condition number="12" type="jump" coverage="100%" />
                  </conditions>
                </line>
                <line number="25" hits="422" branch="True" condition-coverage="100% (4/4)">
                  <conditions>
                    <condition number="38" type="jump" coverage="100%" />
                    <condition number="51" type="jump" coverage="100%" />
                  </conditions>
                </line>
                <line number="27" hits="30" branch="False" />
                <line number="28" hits="30" branch="False" />
                <line number="29" hits="30" branch="False" />
                <line number="31" hits="22" branch="False" />
                <line number="32" hits="22" branch="False" />
                <line number="33" hits="22" branch="False" />
                <line number="35" hits="422" branch="False" />
                <line number="36" hits="422" branch="False" />
              </lines>
            </method>
            <method name="LoseHealth" signature="()" line-rate="1" branch-rate="1" complexity="2">
              <lines>
                <line number="40" hits="34" branch="False" />
                <line number="41" hits="34" branch="False" />
                <line number="42" hits="43" branch="True" condition-coverage="100% (2/2)">
                  <conditions>
                    <condition number="29" type="jump" coverage="100%" />
                  </conditions>
                </line>
                <line number="43" hits="9" branch="False" />
                <line number="44" hits="9" branch="False" />
                <line number="45" hits="9" branch="False" />
                <line number="46" hits="9" branch="False" />
                <line number="47" hits="9" branch="False" />
                <line number="48" hits="9" branch="False" />
                <line number="49" hits="9" branch="False" />
                <line number="50" hits="34" branch="False" />
              </lines>
            </method>
            <method name="Render" signature="()" line-rate="0" branch-rate="1" complexity="1">
              <lines>
                <line number="54" hits="0" branch="False" />
                <line number="55" hits="0" branch="False" />
                <line number="56" hits="0" branch="False" />
              </lines>
            </method>
            <method name=".ctor" signature="()" line-rate="1" branch-rate="1" complexity="1">
              <lines>
                <line number="12" hits="120" branch="False" />
                <line number="13" hits="60" branch="False" />
                <line number="14" hits="60" branch="False" />
                <line number="15" hits="60" branch="False" />
                <line number="16" hits="60" branch="False" />
                <line number="17" hits="60" branch="False" />
                <line number="18" hits="60" branch="False" />
                <line number="19" hits="60" branch="False" />
              </lines>
            </method>
          </methods>
          <lines>
            <line number="11" hits="19" branch="False" />
            <line number="23" hits="422" branch="False" />
            <line number="24" hits="844" branch="True" condition-coverage="100% (2/2)">
              <conditions>
                <condition number="12" type="jump" coverage="100%" />
              </conditions>
            </line>
            <line number="25" hits="422" branch="True" condition-coverage="100% (4/4)">
              <conditions>
                <condition number="38" type="jump" coverage="100%" />
                <condition number="51" type="jump" coverage="100%" />
              </conditions>
            </line>
            <line number="27" hits="30" branch="False" />
            <line number="28" hits="30" branch="False" />
            <line number="29" hits="30" branch="False" />
            <line number="31" hits="22" branch="False" />
            <line number="32" hits="22" branch="False" />
            <line number="33" hits="22" branch="False" />
            <line number="35" hits="422" branch="False" />
            <line number="36" hits="422" branch="False" />
            <line number="40" hits="34" branch="False" />
            <line number="41" hits="34" branch="False" />
            <line number="42" hits="43" branch="True" condition-coverage="100% (2/2)">
              <conditions>
                <condition number="29" type="jump" coverage="100%" />
              </conditions>
            </line>
            <line number="43" hits="9" branch="False" />
            <line number="44" hits="9" branch="False" />
            <line number="45" hits="9" branch="False" />
            <line number="46" hits="9" branch="False" />
            <line number="47" hits="9" branch="False" />
            <line number="48" hits="9" branch="False" />
            <line number="49" hits="9" branch="False" />
            <line number="50" hits="34" branch="False" />
            <line number="54" hits="0" branch="False" />
            <line number="55" hits="0" branch="False" />
            <line number="56" hits="0" branch="False" />
            <line number="12" hits="120" branch="False" />
            <line number="13" hits="60" branch="False" />
            <line number="14" hits="60" branch="False" />
            <line number="15" hits="60" branch="False" />
            <line number="16" hits="60" branch="False" />
            <line number="17" hits="60" branch="False" />
            <line number="18" hits="60" branch="False" />
            <line number="19" hits="60" branch="False" />
          </lines>
        </class>
        <class name="Breakout.Points" filename="Breakout/Points.cs" line-rate="0.9117000000000001" branch-rate="1" complexity="11">
          <methods>
            <method name="getInstance" signature="()" line-rate="1" branch-rate="1" complexity="2">
              <lines>
                <line number="23" hits="315" branch="False" />
                <line number="24" hits="374" branch="True" condition-coverage="100% (2/2)">
                  <conditions>
                    <condition number="11" type="jump" coverage="100%" />
                  </conditions>
                </line>
                <line number="25" hits="59" branch="False" />
                <line number="26" hits="59" branch="False" />
                <line number="27" hits="315" branch="False" />
                <line number="28" hits="315" branch="False" />
              </lines>
            </method>
            <method name="ProcessEvent" signature="(DIKUArcade.Events.GameEvent)" line-rate="1" branch-rate="1" complexity="4">
              <lines>
                <line number="32" hits="424" branch="False" />
                <line number="33" hits="848" branch="True" condition-coverage="100% (2/2)">
                  <conditions>
                    <condition number="12" type="jump" coverage="100%" />
                  </conditions>
                </line>
                <line number="34" hits="424" branch="True" condition-coverage="100% (2/2)">
                  <conditions>
                    <condition number="35" type="jump" coverage="100%" />
                  </conditions>
                </line>
                <line number="36" hits="29" branch="False" />
                <line number="37" hits="29" branch="False" />
                <line number="38" hits="29" branch="False" />
                <line number="40" hits="424" branch="False" />
                <line number="41" hits="424" branch="False" />
              </lines>
            </method>
            <method name="ResetPoints" signature="()" line-rate="1" branch-rate="1" complexity="1">
              <lines>
                <line number="45" hits="59" branch="False" />
                <line number="46" hits="59" branch="False" />
                <line number="47" hits="59" branch="False" />
              </lines>
            </method>
            <method name="GetPoints" signature="()" line-rate="1" branch-rate="1" complexity="1">
              <lines>
                <line number="51" hits="155" branch="False" />
                <line number="52" hits="155" branch="False" />
                <line number="53" hits="155" branch="False" />
              </lines>
            </method>
            <method name="UpdateText" signature="()" line-rate="1" branch-rate="1" complexity="1">
              <lines>
                <line number="57" hits="29" branch="False" />
                <line number="58" hits="29" branch="False" />
                <line number="59" hits="29" branch="False" />
              </lines>
            </method>
            <method name="Render" signature="()" line-rate="0" branch-rate="1" complexity="1">
              <lines>
                <line number="63" hits="0" branch="False" />
                <line number="64" hits="0" branch="False" />
                <line number="65" hits="0" branch="False" />
              </lines>
            </method>
            <method name=".ctor" signature="()" line-rate="1" branch-rate="1" complexity="1">
              <lines>
                <line number="10" hits="59" branch="False" />
                <line number="13" hits="118" branch="False" />
                <line number="14" hits="59" branch="False" />
                <line number="15" hits="59" branch="False" />
                <line number="16" hits="59" branch="False" />
                <line number="17" hits="59" branch="False" />
                <line number="18" hits="59" branch="False" />
                <line number="19" hits="59" branch="False" />
              </lines>
            </method>
          </methods>
          <lines>
            <line number="23" hits="315" branch="False" />
            <line number="24" hits="374" branch="True" condition-coverage="100% (2/2)">
              <conditions>
                <condition number="11" type="jump" coverage="100%" />
              </conditions>
            </line>
            <line number="25" hits="59" branch="False" />
            <line number="26" hits="59" branch="False" />
            <line number="27" hits="315" branch="False" />
            <line number="28" hits="315" branch="False" />
            <line number="32" hits="424" branch="False" />
            <line number="33" hits="848" branch="True" condition-coverage="100% (2/2)">
              <conditions>
                <condition number="12" type="jump" coverage="100%" />
              </conditions>
            </line>
            <line number="34" hits="424" branch="True" condition-coverage="100% (2/2)">
              <conditions>
                <condition number="35" type="jump" coverage="100%" />
              </conditions>
            </line>
            <line number="36" hits="29" branch="False" />
            <line number="37" hits="29" branch="False" />
            <line number="38" hits="29" branch="False" />
            <line number="40" hits="424" branch="False" />
            <line number="41" hits="424" branch="False" />
            <line number="45" hits="59" branch="False" />
            <line number="46" hits="59" branch="False" />
            <line number="47" hits="59" branch="False" />
            <line number="51" hits="155" branch="False" />
            <line number="52" hits="155" branch="False" />
            <line number="53" hits="155" branch="False" />
            <line number="57" hits="29" branch="False" />
            <line number="58" hits="29" branch="False" />
            <line number="59" hits="29" branch="False" />
            <line number="63" hits="0" branch="False" />
            <line number="64" hits="0" branch="False" />
            <line number="65" hits="0" branch="False" />
            <line number="10" hits="59" branch="False" />
            <line number="13" hits="118" branch="False" />
            <line number="14" hits="59" branch="False" />
            <line number="15" hits="59" branch="False" />
            <line number="16" hits="59" branch="False" />
            <line number="17" hits="59" branch="False" />
            <line number="18" hits="59" branch="False" />
            <line number="19" hits="59" branch="False" />
          </lines>
        </class>
        <class name="Breakout.Program" filename="Breakout/Program.cs" line-rate="0" branch-rate="1" complexity="1">
          <methods>
            <method name="Main" signature="(System.String[])" line-rate="0" branch-rate="1" complexity="1">
              <lines>
                <line number="4" hits="0" branch="False" />
                <line number="5" hits="0" branch="False" />
                <line number="6" hits="0" branch="False" />
                <line number="7" hits="0" branch="False" />
                <line number="8" hits="0" branch="False" />
              </lines>
            </method>
          </methods>
          <lines>
            <line number="4" hits="0" branch="False" />
            <line number="5" hits="0" branch="False" />
            <line number="6" hits="0" branch="False" />
            <line number="7" hits="0" branch="False" />
            <line number="8" hits="0" branch="False" />
          </lines>
        </class>
        <class name="Breakout.Timer" filename="Breakout/Timer.cs" line-rate="1" branch-rate="1" complexity="10">
          <methods>
            <method name="get_TimeLeft" signature="()" line-rate="1" branch-rate="1" complexity="1">
              <lines>
                <line number="14" hits="69" branch="False" />
              </lines>
            </method>
            <method name="SetTime" signature="(System.Int32)" line-rate="1" branch-rate="1" complexity="1">
              <lines>
                <line number="29" hits="51" branch="False" />
                <line number="30" hits="51" branch="False" />
                <line number="31" hits="51" branch="False" />
              </lines>
            </method>
            <method name="UpdateTime" signature="()" line-rate="1" branch-rate="1" complexity="2">
              <lines>
                <line number="35" hits="2" branch="False" />
                <line number="36" hits="2" branch="False" />
                <line number="37" hits="2" branch="False" />
                <line number="38" hits="4" branch="True" condition-coverage="100% (2/2)">
                  <conditions>
                    <condition number="47" type="jump" coverage="100%" />
                  </conditions>
                </line>
                <line number="39" hits="2" branch="False" />
                <line number="40" hits="2" branch="False" />
                <line number="41" hits="2" branch="False" />
                <line number="42" hits="2" branch="False" />
              </lines>
            </method>
            <method name="UpdateText" signature="()" line-rate="1" branch-rate="1" complexity="4">
              <lines>
                <line number="46" hits="3" branch="False" />
                <line number="47" hits="5" branch="True" condition-coverage="100% (2/2)">
                  <conditions>
                    <condition number="12" type="jump" coverage="100%" />
                  </conditions>
                </line>
                <line number="48" hits="2" branch="False" />
                <line number="49" hits="4" branch="True" condition-coverage="100% (2/2)">
                  <conditions>
                    <condition number="41" type="jump" coverage="100%" />
                  </conditions>
                </line>
                <line number="50" hits="2" branch="False" />
                <line number="51" hits="2" branch="False" />
                <line number="52" hits="2" branch="False" />
                <line number="53" hits="1" branch="False" />
                <line number="54" hits="1" branch="False" />
                <line number="55" hits="1" branch="False" />
                <line number="56" hits="3" branch="False" />
              </lines>
            </method>
            <method name="Render" signature="()" line-rate="1" branch-rate="1" complexity="1">
              <lines>
                <line number="60" hits="3" branch="False" />
                <line number="61" hits="3" branch="False" />
                <line number="62" hits="3" branch="False" />
                <line number="63" hits="3" branch="False" />
              </lines>
            </method>
            <method name=".ctor" signature="(DIKUArcade.Math.Vec2F,System.Int32)" line-rate="1" branch-rate="1" complexity="1">
              <lines>
                <line number="16" hits="102" branch="False" />
                <line number="17" hits="51" branch="False" />
                <line number="18" hits="51" branch="False" />
                <line number="19" hits="51" branch="False" />
                <line number="20" hits="51" branch="False" />
                <line number="21" hits="51" branch="False" />
                <line number="22" hits="51" branch="False" />
                <line number="23" hits="51" branch="False" />
                <line number="24" hits="51" branch="False" />
                <line number="25" hits="51" branch="False" />
              </lines>
            </method>
          </methods>
          <lines>
            <line number="14" hits="69" branch="False" />
            <line number="29" hits="51" branch="False" />
            <line number="30" hits="51" branch="False" />
            <line number="31" hits="51" branch="False" />
            <line number="35" hits="2" branch="False" />
            <line number="36" hits="2" branch="False" />
            <line number="37" hits="2" branch="False" />
            <line number="38" hits="4" branch="True" condition-coverage="100% (2/2)">
              <conditions>
                <condition number="47" type="jump" coverage="100%" />
              </conditions>
            </line>
            <line number="39" hits="2" branch="False" />
            <line number="40" hits="2" branch="False" />
            <line number="41" hits="2" branch="False" />
            <line number="42" hits="2" branch="False" />
            <line number="46" hits="3" branch="False" />
            <line number="47" hits="5" branch="True" condition-coverage="100% (2/2)">
              <conditions>
                <condition number="12" type="jump" coverage="100%" />
              </conditions>
            </line>
            <line number="48" hits="2" branch="False" />
            <line number="49" hits="4" branch="True" condition-coverage="100% (2/2)">
              <conditions>
                <condition number="41" type="jump" coverage="100%" />
              </conditions>
            </line>
            <line number="50" hits="2" branch="False" />
            <line number="51" hits="2" branch="False" />
            <line number="52" hits="2" branch="False" />
            <line number="53" hits="1" branch="False" />
            <line number="54" hits="1" branch="False" />
            <line number="55" hits="1" branch="False" />
            <line number="56" hits="3" branch="False" />
            <line number="60" hits="3" branch="False" />
            <line number="61" hits="3" branch="False" />
            <line number="62" hits="3" branch="False" />
            <line number="63" hits="3" branch="False" />
            <line number="16" hits="102" branch="False" />
            <line number="17" hits="51" branch="False" />
            <line number="18" hits="51" branch="False" />
            <line number="19" hits="51" branch="False" />
            <line number="20" hits="51" branch="False" />
            <line number="21" hits="51" branch="False" />
            <line number="22" hits="51" branch="False" />
            <line number="23" hits="51" branch="False" />
            <line number="24" hits="51" branch="False" />
            <line number="25" hits="51" branch="False" />
          </lines>
        </class>
        <class name="Breakout.States.GameLost" filename="Breakout/States/GameLost.cs" line-rate="0.8987999999999999" branch-rate="1" complexity="18">
          <methods>
            <method name="get_ActiveMenuButton" signature="()" line-rate="1" branch-rate="1" complexity="1">
              <lines>
                <line number="22" hits="4" branch="False" />
              </lines>
            </method>
            <method name="GetInstance" signature="()" line-rate="1" branch-rate="1" complexity="2">
              <lines>
                <line number="31" hits="139" branch="False" />
                <line number="32" hits="207" branch="True" condition-coverage="100% (2/2)">
                  <conditions>
                    <condition number="11" type="jump" coverage="100%" />
                  </conditions>
                </line>
                <line number="33" hits="68" branch="False" />
                <line number="34" hits="68" branch="False" />
                <line number="35" hits="68" branch="False" />
                <line number="36" hits="139" branch="False" />
                <line number="37" hits="139" branch="False" />
              </lines>
            </method>
            <method name="InitializeGameState" signature="()" line-rate="1" branch-rate="1" complexity="1">
              <lines>
                <line number="41" hits="70" branch="False" />
                <line number="42" hits="70" branch="False" />
                <line number="43" hits="70" branch="False" />
                <line number="45" hits="70" branch="False" />
                <line number="46" hits="70" branch="False" />
                <line number="47" hits="70" branch="False" />
                <line number="48" hits="70" branch="False" />
                <line number="49" hits="70" branch="False" />
                <line number="50" hits="70" branch="False" />
                <line number="51" hits="70" branch="False" />
                <line number="52" hits="70" branch="False" />
                <line number="53" hits="70" branch="False" />
                <line number="54" hits="70" branch="False" />
                <line number="55" hits="70" branch="False" />
                <line number="57" hits="70" branch="False" />
                <line number="58" hits="70" branch="False" />
                <line number="59" hits="70" branch="False" />
                <line number="60" hits="70" branch="False" />
                <line number="61" hits="70" branch="False" />
                <line number="63" hits="70" branch="False" />
                <line number="64" hits="70" branch="False" />
                <line number="66" hits="70" branch="False" />
                <line number="67" hits="70" branch="False" />
                <line number="68" hits="70" branch="False" />
                <line number="69" hits="70" branch="False" />
                <line number="70" hits="70" branch="False" />
                <line number="72" hits="70" branch="False" />
                <line number="73" hits="70" branch="False" />
                <line number="74" hits="70" branch="False" />
                <line number="75" hits="70" branch="False" />
                <line number="76" hits="70" branch="False" />
                <line number="77" hits="70" branch="False" />
                <line number="78" hits="70" branch="False" />
                <line number="79" hits="70" branch="False" />
                <line number="80" hits="70" branch="False" />
              </lines>
            </method>
            <method name="ResetState" signature="()" line-rate="1" branch-rate="1" complexity="1">
              <lines>
                <line number="84" hits="67" branch="False" />
                <line number="85" hits="67" branch="False" />
                <line number="86" hits="67" branch="False" />
              </lines>
            </method>
            <method name="UpdateState" signature="()" line-rate="0" branch-rate="1" complexity="1">
              <lines>
                <line number="90" hits="0" branch="False" />
                <line number="91" hits="0" branch="False" />
              </lines>
            </method>
            <method name="RenderState" signature="()" line-rate="0" branch-rate="1" complexity="1">
              <lines>
                <line number="95" hits="0" branch="False" />
                <line number="96" hits="0" branch="False" />
                <line number="97" hits="0" branch="False" />
                <line number="98" hits="0" branch="False" />
                <line number="99" hits="0" branch="False" />
                <line number="100" hits="0" branch="False" />
                <line number="101" hits="0" branch="False" />
              </lines>
            </method>
            <method name="HandleKeyEvent" signature="(DIKUArcade.Input.KeyboardAction,DIKUArcade.Input.KeyboardKey)" line-rate="1" branch-rate="1" complexity="2">
              <lines>
                <line number="105" hits="6" branch="False" />
                <line number="106" hits="12" branch="True" condition-coverage="100% (2/2)">
                  <conditions>
                    <condition number="7" type="jump" coverage="100%" />
                  </conditions>
                </line>
                <line number="107" hits="6" branch="False" />
                <line number="108" hits="6" branch="False" />
                <line number="109" hits="6" branch="False" />
              </lines>
            </method>
            <method name="KeyPress" signature="(DIKUArcade.Input.KeyboardKey)" line-rate="1" branch-rate="1" complexity="8">
              <lines>
                <line number="110" hits="6" branch="False" />
                <line number="111" hits="6" branch="True" condition-coverage="100% (6/6)">
                  <conditions>
                    <condition number="8" type="jump" coverage="100%" />
                    <condition number="15" type="jump" coverage="100%" />
                    <condition number="22" type="jump" coverage="100%" />
                  </conditions>
                </line>
                <line number="113" hits="2" branch="False" />
                <line number="114" hits="2" branch="False" />
                <line number="115" hits="2" branch="False" />
                <line number="116" hits="2" branch="False" />
                <line number="118" hits="2" branch="False" />
                <line number="119" hits="2" branch="False" />
                <line number="120" hits="2" branch="False" />
                <line number="121" hits="2" branch="False" />
                <line number="123" hits="3" branch="True" condition-coverage="100% (2/2)">
                  <conditions>
                    <condition number="141" type="jump" coverage="100%" />
                  </conditions>
                </line>
                <line number="124" hits="1" branch="False" />
                <line number="125" hits="1" branch="False" />
                <line number="126" hits="1" branch="False" />
                <line number="127" hits="1" branch="False" />
                <line number="128" hits="1" branch="False" />
                <line number="129" hits="2" branch="False" />
                <line number="130" hits="1" branch="False" />
                <line number="131" hits="1" branch="False" />
                <line number="132" hits="1" branch="False" />
                <line number="133" hits="1" branch="False" />
                <line number="134" hits="1" branch="False" />
                <line number="135" hits="1" branch="False" />
                <line number="136" hits="2" branch="False" />
                <line number="138" hits="6" branch="False" />
              </lines>
            </method>
            <method name=".ctor" signature="()" line-rate="1" branch-rate="1" complexity="1">
              <lines>
                <line number="14" hits="75" branch="False" />
                <line number="16" hits="75" branch="False" />
                <line number="26" hits="75" branch="False" />
                <line number="27" hits="75" branch="False" />
              </lines>
            </method>
          </methods>
          <lines>
            <line number="22" hits="4" branch="False" />
            <line number="31" hits="139" branch="False" />
            <line number="32" hits="207" branch="True" condition-coverage="100% (2/2)">
              <conditions>
                <condition number="11" type="jump" coverage="100%" />
              </conditions>
            </line>
            <line number="33" hits="68" branch="False" />
            <line number="34" hits="68" branch="False" />
            <line number="35" hits="68" branch="False" />
            <line number="36" hits="139" branch="False" />
            <line number="37" hits="139" branch="False" />
            <line number="41" hits="70" branch="False" />
            <line number="42" hits="70" branch="False" />
            <line number="43" hits="70" branch="False" />
            <line number="45" hits="70" branch="False" />
            <line number="46" hits="70" branch="False" />
            <line number="47" hits="70" branch="False" />
            <line number="48" hits="70" branch="False" />
            <line number="49" hits="70" branch="False" />
            <line number="50" hits="70" branch="False" />
            <line number="51" hits="70" branch="False" />
            <line number="52" hits="70" branch="False" />
            <line number="53" hits="70" branch="False" />
            <line number="54" hits="70" branch="False" />
            <line number="55" hits="70" branch="False" />
            <line number="57" hits="70" branch="False" />
            <line number="58" hits="70" branch="False" />
            <line number="59" hits="70" branch="False" />
            <line number="60" hits="70" branch="False" />
            <line number="61" hits="70" branch="False" />
            <line number="63" hits="70" branch="False" />
            <line number="64" hits="70" branch="False" />
            <line number="66" hits="70" branch="False" />
            <line number="67" hits="70" branch="False" />
            <line number="68" hits="70" branch="False" />
            <line number="69" hits="70" branch="False" />
            <line number="70" hits="70" branch="False" />
            <line number="72" hits="70" branch="False" />
            <line number="73" hits="70" branch="False" />
            <line number="74" hits="70" branch="False" />
            <line number="75" hits="70" branch="False" />
            <line number="76" hits="70" branch="False" />
            <line number="77" hits="70" branch="False" />
            <line number="78" hits="70" branch="False" />
            <line number="79" hits="70" branch="False" />
            <line number="80" hits="70" branch="False" />
            <line number="84" hits="67" branch="False" />
            <line number="85" hits="67" branch="False" />
            <line number="86" hits="67" branch="False" />
            <line number="90" hits="0" branch="False" />
            <line number="91" hits="0" branch="False" />
            <line number="95" hits="0" branch="False" />
            <line number="96" hits="0" branch="False" />
            <line number="97" hits="0" branch="False" />
            <line number="98" hits="0" branch="False" />
            <line number="99" hits="0" branch="False" />
            <line number="100" hits="0" branch="False" />
            <line number="101" hits="0" branch="False" />
            <line number="105" hits="6" branch="False" />
            <line number="106" hits="12" branch="True" condition-coverage="100% (2/2)">
              <conditions>
                <condition number="7" type="jump" coverage="100%" />
              </conditions>
            </line>
            <line number="107" hits="6" branch="False" />
            <line number="108" hits="6" branch="False" />
            <line number="109" hits="6" branch="False" />
            <line number="110" hits="6" branch="False" />
            <line number="111" hits="6" branch="True" condition-coverage="100% (6/6)">
              <conditions>
                <condition number="8" type="jump" coverage="100%" />
                <condition number="15" type="jump" coverage="100%" />
                <condition number="22" type="jump" coverage="100%" />
              </conditions>
            </line>
            <line number="113" hits="2" branch="False" />
            <line number="114" hits="2" branch="False" />
            <line number="115" hits="2" branch="False" />
            <line number="116" hits="2" branch="False" />
            <line number="118" hits="2" branch="False" />
            <line number="119" hits="2" branch="False" />
            <line number="120" hits="2" branch="False" />
            <line number="121" hits="2" branch="False" />
            <line number="123" hits="3" branch="True" condition-coverage="100% (2/2)">
              <conditions>
                <condition number="141" type="jump" coverage="100%" />
              </conditions>
            </line>
            <line number="124" hits="1" branch="False" />
            <line number="125" hits="1" branch="False" />
            <line number="126" hits="1" branch="False" />
            <line number="127" hits="1" branch="False" />
            <line number="128" hits="1" branch="False" />
            <line number="129" hits="2" branch="False" />
            <line number="130" hits="1" branch="False" />
            <line number="131" hits="1" branch="False" />
            <line number="132" hits="1" branch="False" />
            <line number="133" hits="1" branch="False" />
            <line number="134" hits="1" branch="False" />
            <line number="135" hits="1" branch="False" />
            <line number="136" hits="2" branch="False" />
            <line number="138" hits="6" branch="False" />
            <line number="14" hits="75" branch="False" />
            <line number="16" hits="75" branch="False" />
            <line number="26" hits="75" branch="False" />
            <line number="27" hits="75" branch="False" />
          </lines>
        </class>
        <class name="Breakout.States.GamePaused" filename="Breakout/States/GamePaused.cs" line-rate="0.9079999999999999" branch-rate="1" complexity="20">
          <methods>
            <method name="get_Background" signature="()" line-rate="1" branch-rate="1" complexity="1">
              <lines>
                <line number="17" hits="1" branch="False" />
                <line number="18" hits="1" branch="False" />
                <line number="19" hits="1" branch="False" />
              </lines>
            </method>
            <method name="get_PauseText" signature="()" line-rate="1" branch-rate="1" complexity="1">
              <lines>
                <line number="24" hits="1" branch="False" />
                <line number="25" hits="1" branch="False" />
                <line number="26" hits="1" branch="False" />
              </lines>
            </method>
            <method name="get_ActiveMenuButton" signature="()" line-rate="1" branch-rate="1" complexity="1">
              <lines>
                <line number="30" hits="5" branch="False" />
                <line number="31" hits="5" branch="False" />
                <line number="32" hits="5" branch="False" />
              </lines>
            </method>
            <method name="GetInstance" signature="()" line-rate="1" branch-rate="1" complexity="2">
              <lines>
                <line number="41" hits="33" branch="False" />
                <line number="42" hits="50" branch="True" condition-coverage="100% (2/2)">
                  <conditions>
                    <condition number="11" type="jump" coverage="100%" />
                  </conditions>
                </line>
                <line number="43" hits="17" branch="False" />
                <line number="44" hits="17" branch="False" />
                <line number="45" hits="17" branch="False" />
                <line number="46" hits="33" branch="False" />
                <line number="47" hits="33" branch="False" />
              </lines>
            </method>
            <method name="InitializeGameState" signature="()" line-rate="1" branch-rate="1" complexity="1">
              <lines>
                <line number="51" hits="21" branch="False" />
                <line number="52" hits="21" branch="False" />
                <line number="53" hits="21" branch="False" />
                <line number="54" hits="21" branch="False" />
                <line number="55" hits="21" branch="False" />
                <line number="56" hits="21" branch="False" />
                <line number="57" hits="21" branch="False" />
                <line number="58" hits="21" branch="False" />
                <line number="59" hits="21" branch="False" />
                <line number="60" hits="21" branch="False" />
                <line number="61" hits="21" branch="False" />
                <line number="62" hits="21" branch="False" />
                <line number="63" hits="21" branch="False" />
                <line number="64" hits="21" branch="False" />
                <line number="65" hits="21" branch="False" />
                <line number="66" hits="21" branch="False" />
                <line number="67" hits="21" branch="False" />
                <line number="68" hits="21" branch="False" />
                <line number="69" hits="21" branch="False" />
                <line number="70" hits="21" branch="False" />
                <line number="71" hits="21" branch="False" />
                <line number="72" hits="21" branch="False" />
                <line number="73" hits="21" branch="False" />
                <line number="74" hits="21" branch="False" />
                <line number="75" hits="21" branch="False" />
                <line number="76" hits="21" branch="False" />
                <line number="77" hits="21" branch="False" />
              </lines>
            </method>
            <method name="ResetState" signature="()" line-rate="1" branch-rate="1" complexity="1">
              <lines>
                <line number="81" hits="16" branch="False" />
                <line number="82" hits="16" branch="False" />
                <line number="83" hits="16" branch="False" />
              </lines>
            </method>
            <method name="UpdateState" signature="()" line-rate="0" branch-rate="1" complexity="1">
              <lines>
                <line number="87" hits="0" branch="False" />
                <line number="88" hits="0" branch="False" />
              </lines>
            </method>
            <method name="RenderState" signature="()" line-rate="0" branch-rate="1" complexity="1">
              <lines>
                <line number="92" hits="0" branch="False" />
                <line number="93" hits="0" branch="False" />
                <line number="94" hits="0" branch="False" />
                <line number="95" hits="0" branch="False" />
                <line number="96" hits="0" branch="False" />
                <line number="97" hits="0" branch="False" />
              </lines>
            </method>
            <method name="HandleKeyEvent" signature="(DIKUArcade.Input.KeyboardAction,DIKUArcade.Input.KeyboardKey)" line-rate="1" branch-rate="1" complexity="2">
              <lines>
                <line number="101" hits="7" branch="False" />
                <line number="102" hits="14" branch="True" condition-coverage="100% (2/2)">
                  <conditions>
                    <condition number="7" type="jump" coverage="100%" />
                  </conditions>
                </line>
                <line number="103" hits="7" branch="False" />
                <line number="104" hits="7" branch="False" />
                <line number="105" hits="7" branch="False" />
              </lines>
            </method>
            <method name="KeyPress" signature="(DIKUArcade.Input.KeyboardKey)" line-rate="1" branch-rate="1" complexity="8">
              <lines>
                <line number="106" hits="7" branch="False" />
                <line number="107" hits="7" branch="True" condition-coverage="100% (6/6)">
                  <conditions>
                    <condition number="8" type="jump" coverage="100%" />
                    <condition number="15" type="jump" coverage="100%" />
                    <condition number="22" type="jump" coverage="100%" />
                  </conditions>
                </line>
                <line number="109" hits="2" branch="False" />
                <line number="110" hits="2" branch="False" />
                <line number="111" hits="2" branch="False" />
                <line number="112" hits="2" branch="False" />
                <line number="114" hits="3" branch="False" />
                <line number="115" hits="3" branch="False" />
                <line number="116" hits="3" branch="False" />
                <line number="117" hits="3" branch="False" />
                <line number="119" hits="3" branch="True" condition-coverage="100% (2/2)">
                  <conditions>
                    <condition number="141" type="jump" coverage="100%" />
                  </conditions>
                </line>
                <line number="120" hits="1" branch="False" />
                <line number="121" hits="1" branch="False" />
                <line number="122" hits="1" branch="False" />
                <line number="123" hits="1" branch="False" />
                <line number="124" hits="1" branch="False" />
                <line number="125" hits="2" branch="False" />
                <line number="126" hits="1" branch="False" />
                <line number="127" hits="1" branch="False" />
                <line number="128" hits="1" branch="False" />
                <line number="129" hits="1" branch="False" />
                <line number="130" hits="1" branch="False" />
                <line number="131" hits="1" branch="False" />
                <line number="132" hits="2" branch="False" />
                <line number="134" hits="7" branch="False" />
              </lines>
            </method>
            <method name=".ctor" signature="()" line-rate="1" branch-rate="1" complexity="1">
              <lines>
                <line number="21" hits="30" branch="False" />
                <line number="36" hits="30" branch="False" />
                <line number="37" hits="30" branch="False" />
              </lines>
            </method>
          </methods>
          <lines>
            <line number="17" hits="1" branch="False" />
            <line number="18" hits="1" branch="False" />
            <line number="19" hits="1" branch="False" />
            <line number="24" hits="1" branch="False" />
            <line number="25" hits="1" branch="False" />
            <line number="26" hits="1" branch="False" />
            <line number="30" hits="5" branch="False" />
            <line number="31" hits="5" branch="False" />
            <line number="32" hits="5" branch="False" />
            <line number="41" hits="33" branch="False" />
            <line number="42" hits="50" branch="True" condition-coverage="100% (2/2)">
              <conditions>
                <condition number="11" type="jump" coverage="100%" />
              </conditions>
            </line>
            <line number="43" hits="17" branch="False" />
            <line number="44" hits="17" branch="False" />
            <line number="45" hits="17" branch="False" />
            <line number="46" hits="33" branch="False" />
            <line number="47" hits="33" branch="False" />
            <line number="51" hits="21" branch="False" />
            <line number="52" hits="21" branch="False" />
            <line number="53" hits="21" branch="False" />
            <line number="54" hits="21" branch="False" />
            <line number="55" hits="21" branch="False" />
            <line number="56" hits="21" branch="False" />
            <line number="57" hits="21" branch="False" />
            <line number="58" hits="21" branch="False" />
            <line number="59" hits="21" branch="False" />
            <line number="60" hits="21" branch="False" />
            <line number="61" hits="21" branch="False" />
            <line number="62" hits="21" branch="False" />
            <line number="63" hits="21" branch="False" />
            <line number="64" hits="21" branch="False" />
            <line number="65" hits="21" branch="False" />
            <line number="66" hits="21" branch="False" />
            <line number="67" hits="21" branch="False" />
            <line number="68" hits="21" branch="False" />
            <line number="69" hits="21" branch="False" />
            <line number="70" hits="21" branch="False" />
            <line number="71" hits="21" branch="False" />
            <line number="72" hits="21" branch="False" />
            <line number="73" hits="21" branch="False" />
            <line number="74" hits="21" branch="False" />
            <line number="75" hits="21" branch="False" />
            <line number="76" hits="21" branch="False" />
            <line number="77" hits="21" branch="False" />
            <line number="81" hits="16" branch="False" />
            <line number="82" hits="16" branch="False" />
            <line number="83" hits="16" branch="False" />
            <line number="87" hits="0" branch="False" />
            <line number="88" hits="0" branch="False" />
            <line number="92" hits="0" branch="False" />
            <line number="93" hits="0" branch="False" />
            <line number="94" hits="0" branch="False" />
            <line number="95" hits="0" branch="False" />
            <line number="96" hits="0" branch="False" />
            <line number="97" hits="0" branch="False" />
            <line number="101" hits="7" branch="False" />
            <line number="102" hits="14" branch="True" condition-coverage="100% (2/2)">
              <conditions>
                <condition number="7" type="jump" coverage="100%" />
              </conditions>
            </line>
            <line number="103" hits="7" branch="False" />
            <line number="104" hits="7" branch="False" />
            <line number="105" hits="7" branch="False" />
            <line number="106" hits="7" branch="False" />
            <line number="107" hits="7" branch="True" condition-coverage="100% (6/6)">
              <conditions>
                <condition number="8" type="jump" coverage="100%" />
                <condition number="15" type="jump" coverage="100%" />
                <condition number="22" type="jump" coverage="100%" />
              </conditions>
            </line>
            <line number="109" hits="2" branch="False" />
            <line number="110" hits="2" branch="False" />
            <line number="111" hits="2" branch="False" />
            <line number="112" hits="2" branch="False" />
            <line number="114" hits="3" branch="False" />
            <line number="115" hits="3" branch="False" />
            <line number="116" hits="3" branch="False" />
            <line number="117" hits="3" branch="False" />
            <line number="119" hits="3" branch="True" condition-coverage="100% (2/2)">
              <conditions>
                <condition number="141" type="jump" coverage="100%" />
              </conditions>
            </line>
            <line number="120" hits="1" branch="False" />
            <line number="121" hits="1" branch="False" />
            <line number="122" hits="1" branch="False" />
            <line number="123" hits="1" branch="False" />
            <line number="124" hits="1" branch="False" />
            <line number="125" hits="2" branch="False" />
            <line number="126" hits="1" branch="False" />
            <line number="127" hits="1" branch="False" />
            <line number="128" hits="1" branch="False" />
            <line number="129" hits="1" branch="False" />
            <line number="130" hits="1" branch="False" />
            <line number="131" hits="1" branch="False" />
            <line number="132" hits="2" branch="False" />
            <line number="134" hits="7" branch="False" />
            <line number="21" hits="30" branch="False" />
            <line number="36" hits="30" branch="False" />
            <line number="37" hits="30" branch="False" />
          </lines>
        </class>
        <class name="Breakout.States.GameRunning" filename="Breakout/States/GameRunning.cs" line-rate="0.9333" branch-rate="1" complexity="47">
          <methods>
            <method name="get_Health" signature="()" line-rate="1" branch-rate="1" complexity="1">
              <lines>
                <line number="23" hits="1" branch="False" />
              </lines>
            </method>
            <method name="get_Background" signature="()" line-rate="1" branch-rate="1" complexity="1">
              <lines>
                <line number="26" hits="2" branch="False" />
              </lines>
            </method>
            <method name="get_Levellst" signature="()" line-rate="1" branch-rate="1" complexity="1">
              <lines>
                <line number="29" hits="256" branch="False" />
              </lines>
            </method>
            <method name="get_Points" signature="()" line-rate="1" branch-rate="1" complexity="1">
              <lines>
                <line number="32" hits="2" branch="False" />
              </lines>
            </method>
            <method name="get_LevelManager" signature="()" line-rate="1" branch-rate="1" complexity="1">
              <lines>
                <line number="35" hits="71" branch="False" />
              </lines>
            </method>
            <method name="get_Instance" signature="()" line-rate="0" branch-rate="1" complexity="1">
              <lines>
                <line number="38" hits="0" branch="False" />
              </lines>
            </method>
            <method name="GetInstance" signature="()" line-rate="1" branch-rate="1" complexity="2">
              <lines>
                <line number="43" hits="74" branch="False" />
                <line number="44" hits="104" branch="True" condition-coverage="100% (2/2)">
                  <conditions>
                    <condition number="11" type="jump" coverage="100%" />
                  </conditions>
                </line>
                <line number="45" hits="30" branch="False" />
                <line number="46" hits="30" branch="False" />
                <line number="47" hits="30" branch="False" />
                <line number="48" hits="74" branch="False" />
                <line number="49" hits="74" branch="False" />
              </lines>
            </method>
            <method name="InitializeGameState" signature="()" line-rate="1" branch-rate="1" complexity="1">
              <lines>
                <line number="53" hits="39" branch="False" />
                <line number="54" hits="39" branch="False" />
                <line number="55" hits="39" branch="False" />
                <line number="56" hits="39" branch="False" />
                <line number="57" hits="39" branch="False" />
                <line number="58" hits="39" branch="False" />
                <line number="59" hits="39" branch="False" />
                <line number="60" hits="39" branch="False" />
                <line number="61" hits="39" branch="False" />
                <line number="62" hits="39" branch="False" />
                <line number="63" hits="39" branch="False" />
                <line number="64" hits="39" branch="False" />
                <line number="65" hits="39" branch="False" />
                <line number="66" hits="39" branch="False" />
                <line number="67" hits="39" branch="False" />
                <line number="68" hits="39" branch="False" />
                <line number="69" hits="39" branch="False" />
                <line number="70" hits="39" branch="False" />
              </lines>
            </method>
            <method name="ResetState" signature="()" line-rate="1" branch-rate="1" complexity="1">
              <lines>
                <line number="74" hits="29" branch="False" />
                <line number="75" hits="29" branch="False" />
                <line number="76" hits="29" branch="False" />
              </lines>
            </method>
            <method name="RenderState" signature="()" line-rate="0" branch-rate="1" complexity="1">
              <lines>
                <line number="80" hits="0" branch="False" />
                <line number="81" hits="0" branch="False" />
                <line number="82" hits="0" branch="False" />
                <line number="83" hits="0" branch="False" />
                <line number="84" hits="0" branch="False" />
                <line number="85" hits="0" branch="False" />
              </lines>
            </method>
            <method name="LoadLevels" signature="()" line-rate="1" branch-rate="1" complexity="6">
              <lines>
                <line number="86" hits="11" branch="False" />
                <line number="87" hits="15" branch="True" condition-coverage="100% (2/2)">
                  <conditions>
                    <condition number="17" type="jump" coverage="100%" />
                  </conditions>
                </line>
                <line number="88" hits="4" branch="False" />
                <line number="89" hits="4" branch="False" />
                <line number="90" hits="4" branch="False" />
                <line number="91" hits="4" branch="False" />
                <line number="92" hits="4" branch="False" />
                <line number="93" hits="4" branch="False" />
                <line number="94" hits="12" branch="True" condition-coverage="100% (2/2)">
                  <conditions>
                    <condition number="87" type="jump" coverage="100%" />
                  </conditions>
                </line>
                <line number="96" hits="5" branch="False" />
                <line number="97" hits="5" branch="True" condition-coverage="100% (2/2)">
                  <conditions>
                    <condition number="119" type="jump" coverage="100%" />
                  </conditions>
                </line>
                <line number="98" hits="4" branch="False" />
                <line number="99" hits="5" branch="False" />
                <line number="100" hits="11" branch="False" />
              </lines>
            </method>
            <method name="UpdateState" signature="()" line-rate="1" branch-rate="1" complexity="1">
              <lines>
                <line number="104" hits="11" branch="False" />
                <line number="105" hits="11" branch="False" />
                <line number="106" hits="11" branch="False" />
                <line number="107" hits="11" branch="False" />
              </lines>
            </method>
            <method name="HandleKeyEvent" signature="(DIKUArcade.Input.KeyboardAction,DIKUArcade.Input.KeyboardKey)" line-rate="1" branch-rate="1" complexity="4">
              <lines>
                <line number="111" hits="22" branch="False" />
                <line number="112" hits="22" branch="True" condition-coverage="100% (4/4)">
                  <conditions>
                    <condition number="6" type="jump" coverage="100%" />
                    <condition number="12" type="jump" coverage="100%" />
                  </conditions>
                </line>
                <line number="114" hits="16" branch="False" />
                <line number="115" hits="16" branch="False" />
                <line number="117" hits="6" branch="False" />
                <line number="118" hits="6" branch="False" />
                <line number="120" hits="22" branch="False" />
              </lines>
            </method>
            <method name="KeyPress" signature="(DIKUArcade.Input.KeyboardKey)" line-rate="1" branch-rate="1" complexity="14">
              <lines>
                <line number="121" hits="16" branch="False" />
                <line number="122" hits="16" branch="True" condition-coverage="100% (14/14)">
                  <conditions>
                    <condition number="8" type="jump" coverage="100%" />
                    <condition number="13" type="jump" coverage="100%" />
                    <condition number="20" type="jump" coverage="100%" />
                    <condition number="40" type="jump" coverage="100%" />
                    <condition number="47" type="jump" coverage="100%" />
                    <condition number="54" type="jump" coverage="100%" />
                    <condition number="27" type="jump" coverage="100%" />
                  </conditions>
                </line>
                <line number="125" hits="2" branch="False" />
                <line number="126" hits="2" branch="False" />
                <line number="127" hits="2" branch="False" />
                <line number="128" hits="2" branch="False" />
                <line number="129" hits="2" branch="False" />
                <line number="132" hits="2" branch="False" />
                <line number="133" hits="2" branch="False" />
                <line number="134" hits="2" branch="False" />
                <line number="135" hits="2" branch="False" />
                <line number="136" hits="2" branch="False" />
                <line number="138" hits="1" branch="False" />
                <line number="139" hits="1" branch="False" />
                <line number="140" hits="1" branch="False" />
                <line number="141" hits="1" branch="False" />
                <line number="142" hits="1" branch="False" />
                <line number="143" hits="1" branch="False" />
                <line number="145" hits="11" branch="False" />
                <line number="146" hits="11" branch="False" />
                <line number="147" hits="11" branch="False" />
                <line number="148" hits="11" branch="False" />
                <line number="149" hits="11" branch="False" />
                <line number="151" hits="16" branch="False" />
              </lines>
            </method>
            <method name="KeyRelease" signature="(DIKUArcade.Input.KeyboardKey)" line-rate="1" branch-rate="1" complexity="10">
              <lines>
                <line number="152" hits="6" branch="False" />
                <line number="153" hits="6" branch="True" condition-coverage="100% (10/10)">
                  <conditions>
                    <condition number="8" type="jump" coverage="100%" />
                    <condition number="13" type="jump" coverage="100%" />
                    <condition number="27" type="jump" coverage="100%" />
                    <condition number="34" type="jump" coverage="100%" />
                    <condition number="20" type="jump" coverage="100%" />
                  </conditions>
                </line>
                <line number="156" hits="2" branch="False" />
                <line number="157" hits="2" branch="False" />
                <line number="158" hits="2" branch="False" />
                <line number="159" hits="2" branch="False" />
                <line number="160" hits="2" branch="False" />
                <line number="163" hits="2" branch="False" />
                <line number="164" hits="2" branch="False" />
                <line number="165" hits="2" branch="False" />
                <line number="166" hits="2" branch="False" />
                <line number="167" hits="2" branch="False" />
                <line number="169" hits="6" branch="False" />
              </lines>
            </method>
            <method name=".ctor" signature="()" line-rate="1" branch-rate="1" complexity="1">
              <lines>
                <line number="16" hits="48" branch="False" />
                <line number="17" hits="48" branch="False" />
                <line number="19" hits="48" branch="False" />
              </lines>
            </method>
          </methods>
          <lines>
            <line number="23" hits="1" branch="False" />
            <line number="26" hits="2" branch="False" />
            <line number="29" hits="256" branch="False" />
            <line number="32" hits="2" branch="False" />
            <line number="35" hits="71" branch="False" />
            <line number="38" hits="0" branch="False" />
            <line number="43" hits="74" branch="False" />
            <line number="44" hits="104" branch="True" condition-coverage="100% (2/2)">
              <conditions>
                <condition number="11" type="jump" coverage="100%" />
              </conditions>
            </line>
            <line number="45" hits="30" branch="False" />
            <line number="46" hits="30" branch="False" />
            <line number="47" hits="30" branch="False" />
            <line number="48" hits="74" branch="False" />
            <line number="49" hits="74" branch="False" />
            <line number="53" hits="39" branch="False" />
            <line number="54" hits="39" branch="False" />
            <line number="55" hits="39" branch="False" />
            <line number="56" hits="39" branch="False" />
            <line number="57" hits="39" branch="False" />
            <line number="58" hits="39" branch="False" />
            <line number="59" hits="39" branch="False" />
            <line number="60" hits="39" branch="False" />
            <line number="61" hits="39" branch="False" />
            <line number="62" hits="39" branch="False" />
            <line number="63" hits="39" branch="False" />
            <line number="64" hits="39" branch="False" />
            <line number="65" hits="39" branch="False" />
            <line number="66" hits="39" branch="False" />
            <line number="67" hits="39" branch="False" />
            <line number="68" hits="39" branch="False" />
            <line number="69" hits="39" branch="False" />
            <line number="70" hits="39" branch="False" />
            <line number="74" hits="29" branch="False" />
            <line number="75" hits="29" branch="False" />
            <line number="76" hits="29" branch="False" />
            <line number="80" hits="0" branch="False" />
            <line number="81" hits="0" branch="False" />
            <line number="82" hits="0" branch="False" />
            <line number="83" hits="0" branch="False" />
            <line number="84" hits="0" branch="False" />
            <line number="85" hits="0" branch="False" />
            <line number="86" hits="11" branch="False" />
            <line number="87" hits="15" branch="True" condition-coverage="100% (2/2)">
              <conditions>
                <condition number="17" type="jump" coverage="100%" />
              </conditions>
            </line>
            <line number="88" hits="4" branch="False" />
            <line number="89" hits="4" branch="False" />
            <line number="90" hits="4" branch="False" />
            <line number="91" hits="4" branch="False" />
            <line number="92" hits="4" branch="False" />
            <line number="93" hits="4" branch="False" />
            <line number="94" hits="12" branch="True" condition-coverage="100% (2/2)">
              <conditions>
                <condition number="87" type="jump" coverage="100%" />
              </conditions>
            </line>
            <line number="96" hits="5" branch="False" />
            <line number="97" hits="5" branch="True" condition-coverage="100% (2/2)">
              <conditions>
                <condition number="119" type="jump" coverage="100%" />
              </conditions>
            </line>
            <line number="98" hits="4" branch="False" />
            <line number="99" hits="5" branch="False" />
            <line number="100" hits="11" branch="False" />
            <line number="104" hits="11" branch="False" />
            <line number="105" hits="11" branch="False" />
            <line number="106" hits="11" branch="False" />
            <line number="107" hits="11" branch="False" />
            <line number="111" hits="22" branch="False" />
            <line number="112" hits="22" branch="True" condition-coverage="100% (4/4)">
              <conditions>
                <condition number="6" type="jump" coverage="100%" />
                <condition number="12" type="jump" coverage="100%" />
              </conditions>
            </line>
            <line number="114" hits="16" branch="False" />
            <line number="115" hits="16" branch="False" />
            <line number="117" hits="6" branch="False" />
            <line number="118" hits="6" branch="False" />
            <line number="120" hits="22" branch="False" />
            <line number="121" hits="16" branch="False" />
            <line number="122" hits="16" branch="True" condition-coverage="100% (14/14)">
              <conditions>
                <condition number="8" type="jump" coverage="100%" />
                <condition number="13" type="jump" coverage="100%" />
                <condition number="20" type="jump" coverage="100%" />
                <condition number="40" type="jump" coverage="100%" />
                <condition number="47" type="jump" coverage="100%" />
                <condition number="54" type="jump" coverage="100%" />
                <condition number="27" type="jump" coverage="100%" />
              </conditions>
            </line>
            <line number="125" hits="2" branch="False" />
            <line number="126" hits="2" branch="False" />
            <line number="127" hits="2" branch="False" />
            <line number="128" hits="2" branch="False" />
            <line number="129" hits="2" branch="False" />
            <line number="132" hits="2" branch="False" />
            <line number="133" hits="2" branch="False" />
            <line number="134" hits="2" branch="False" />
            <line number="135" hits="2" branch="False" />
            <line number="136" hits="2" branch="False" />
            <line number="138" hits="1" branch="False" />
            <line number="139" hits="1" branch="False" />
            <line number="140" hits="1" branch="False" />
            <line number="141" hits="1" branch="False" />
            <line number="142" hits="1" branch="False" />
            <line number="143" hits="1" branch="False" />
            <line number="145" hits="11" branch="False" />
            <line number="146" hits="11" branch="False" />
            <line number="147" hits="11" branch="False" />
            <line number="148" hits="11" branch="False" />
            <line number="149" hits="11" branch="False" />
            <line number="151" hits="16" branch="False" />
            <line number="152" hits="6" branch="False" />
            <line number="153" hits="6" branch="True" condition-coverage="100% (10/10)">
              <conditions>
                <condition number="8" type="jump" coverage="100%" />
                <condition number="13" type="jump" coverage="100%" />
                <condition number="27" type="jump" coverage="100%" />
                <condition number="34" type="jump" coverage="100%" />
                <condition number="20" type="jump" coverage="100%" />
              </conditions>
            </line>
            <line number="156" hits="2" branch="False" />
            <line number="157" hits="2" branch="False" />
            <line number="158" hits="2" branch="False" />
            <line number="159" hits="2" branch="False" />
            <line number="160" hits="2" branch="False" />
            <line number="163" hits="2" branch="False" />
            <line number="164" hits="2" branch="False" />
            <line number="165" hits="2" branch="False" />
            <line number="166" hits="2" branch="False" />
            <line number="167" hits="2" branch="False" />
            <line number="169" hits="6" branch="False" />
            <line number="16" hits="48" branch="False" />
            <line number="17" hits="48" branch="False" />
            <line number="19" hits="48" branch="False" />
          </lines>
        </class>
        <class name="Breakout.States.GameWon" filename="Breakout/States/GameWon.cs" line-rate="0.9" branch-rate="1" complexity="18">
          <methods>
            <method name="get_ActiveMenuButton" signature="()" line-rate="1" branch-rate="1" complexity="1">
              <lines>
                <line number="22" hits="4" branch="False" />
              </lines>
            </method>
            <method name="GetInstance" signature="()" line-rate="1" branch-rate="1" complexity="2">
              <lines>
                <line number="31" hits="143" branch="False" />
                <line number="32" hits="214" branch="True" condition-coverage="100% (2/2)">
                  <conditions>
                    <condition number="11" type="jump" coverage="100%" />
                  </conditions>
                </line>
                <line number="33" hits="71" branch="False" />
                <line number="34" hits="71" branch="False" />
                <line number="35" hits="71" branch="False" />
                <line number="36" hits="143" branch="False" />
                <line number="37" hits="143" branch="False" />
              </lines>
            </method>
            <method name="InitializeGameState" signature="()" line-rate="1" branch-rate="1" complexity="1">
              <lines>
                <line number="41" hits="73" branch="False" />
                <line number="42" hits="73" branch="False" />
                <line number="43" hits="73" branch="False" />
                <line number="45" hits="73" branch="False" />
                <line number="46" hits="73" branch="False" />
                <line number="47" hits="73" branch="False" />
                <line number="48" hits="73" branch="False" />
                <line number="49" hits="73" branch="False" />
                <line number="50" hits="73" branch="False" />
                <line number="52" hits="73" branch="False" />
                <line number="53" hits="73" branch="False" />
                <line number="54" hits="73" branch="False" />
                <line number="55" hits="73" branch="False" />
                <line number="56" hits="73" branch="False" />
                <line number="57" hits="73" branch="False" />
                <line number="58" hits="73" branch="False" />
                <line number="59" hits="73" branch="False" />
                <line number="60" hits="73" branch="False" />
                <line number="61" hits="73" branch="False" />
                <line number="62" hits="73" branch="False" />
                <line number="63" hits="73" branch="False" />
                <line number="64" hits="73" branch="False" />
                <line number="65" hits="73" branch="False" />
                <line number="66" hits="73" branch="False" />
[...]
          <lines>
            <line number="17" hits="4210" branch="False" />
            <line number="18" hits="4210" branch="False" />
            <line number="19" hits="4210" branch="False" />
            <line number="33" hits="162" branch="False" />
            <line number="34" hits="162" branch="False" />
            <line number="35" hits="162" branch="False" />
            <line number="38" hits="3510" branch="True" condition-coverage="100% (2/2)">
              <conditions>
                <condition number="55" type="jump" coverage="100%" />
              </conditions>
            </line>
            <line number="39" hits="1062" branch="False" />
            <line number="40" hits="1062" branch="False" />
            <line number="43" hits="3762" branch="True" condition-coverage="100% (2/2)">
              <conditions>
                <condition number="123" type="jump" coverage="100%" />
              </conditions>
            </line>
            <line number="44" hits="2166" branch="True" condition-coverage="100% (2/2)">
              <conditions>
                <condition number="102" type="jump" coverage="100%" />
              </conditions>
            </line>
            <line number="45" hits="1074" branch="False" />
            <line number="46" hits="1074" branch="False" />
            <line number="47" hits="1092" branch="False" />
            <line number="48" hits="162" branch="False" />
            <line number="49" hits="162" branch="False" />
            <line number="54" hits="0" branch="False" />
            <line number="55" hits="0" branch="True" condition-coverage="0% (0/2)">
              <conditions>
                <condition number="61" type="jump" coverage="0%" />
              </conditions>
            </line>
            <line number="56" hits="0" branch="False" />
            <line number="57" hits="0" branch="False" />
            <line number="58" hits="0" branch="False" />
            <line number="63" hits="200" branch="False" />
            <line number="64" hits="200" branch="False" />
            <line number="65" hits="200" branch="False" />
            <line number="70" hits="74" branch="False" />
            <line number="71" hits="74" branch="False" />
            <line number="72" hits="74" branch="False" />
            <line number="78" hits="0" branch="False" />
            <line number="79" hits="0" branch="False" />
            <line number="80" hits="0" branch="False" />
            <line number="82" hits="40" branch="False" />
            <line number="83" hits="40" branch="False" />
            <line number="84" hits="40" branch="False" />
            <line number="11" hits="556" branch="False" />
            <line number="12" hits="278" branch="False" />
            <line number="13" hits="278" branch="False" />
            <line number="15" hits="0" branch="False" />
          </lines>
        </class>
        <class name="DIKUArcade.Entities.EntityContainer`1/EntityContainerEnum" filename="DIKUArcade/DIKUArcade/Entities/EntityContainerT.cs" line-rate="0.7857" branch-rate="1" complexity="6">
          <methods>
            <method name="MoveNext" signature="()" line-rate="1" branch-rate="1" complexity="1">
              <lines>
                <line number="94" hits="52" branch="False" />
                <line number="95" hits="52" branch="False" />
                <line number="96" hits="52" branch="False" />
                <line number="97" hits="52" branch="False" />
              </lines>
            </method>
            <method name="Reset" signature="()" line-rate="0" branch-rate="1" complexity="1">
              <lines>
                <line number="99" hits="0" branch="False" />
                <line number="100" hits="0" branch="False" />
                <line number="101" hits="0" branch="False" />
              </lines>
            </method>
            <method name="System.IDisposable.Dispose" signature="()" line-rate="1" branch-rate="1" complexity="1">
              <lines>
                <line number="103" hits="80" branch="False" />
              </lines>
            </method>
            <method name="System.Collections.IEnumerator.get_Current" signature="()" line-rate="1" branch-rate="1" complexity="1">
              <lines>
                <line number="105" hits="16" branch="False" />
              </lines>
            </method>
            <method name="get_Current" signature="()" line-rate="1" branch-rate="1" complexity="1">
              <lines>
                <line number="107" hits="16" branch="False" />
              </lines>
            </method>
            <method name=".ctor" signature="(System.Collections.Generic.List`1&lt;T&gt;)" line-rate="1" branch-rate="1" complexity="1">
              <lines>
                <line number="88" hits="40" branch="False" />
                <line number="90" hits="80" branch="False" />
                <line number="91" hits="40" branch="False" />
                <line number="92" hits="40" branch="False" />
              </lines>
            </method>
          </methods>
          <lines>
            <line number="94" hits="52" branch="False" />
            <line number="95" hits="52" branch="False" />
            <line number="96" hits="52" branch="False" />
            <line number="97" hits="52" branch="False" />
            <line number="99" hits="0" branch="False" />
            <line number="100" hits="0" branch="False" />
            <line number="101" hits="0" branch="False" />
            <line number="103" hits="80" branch="False" />
            <line number="105" hits="16" branch="False" />
            <line number="107" hits="16" branch="False" />
            <line number="88" hits="40" branch="False" />
            <line number="90" hits="80" branch="False" />
            <line number="91" hits="40" branch="False" />
            <line number="92" hits="40" branch="False" />
          </lines>
        </class>
        <class name="DIKUArcade.Entities.Shape" filename="DIKUArcade/DIKUArcade/Entities/Shape.cs" line-rate="0.0983" branch-rate="0.25" complexity="22">
          <methods>
            <method name="get_Rotation" signature="()" line-rate="1" branch-rate="1" complexity="1">
              <lines>
                <line number="8" hits="3" branch="False" />
              </lines>
            </method>
            <method name="get_Extent" signature="()" line-rate="1" branch-rate="1" complexity="1">
              <lines>
                <line number="14" hits="20043" branch="False" />
              </lines>
            </method>
            <method name="AsDynamicShape" signature="()" line-rate="1" branch-rate="0.5" complexity="2">
              <lines>
                <line number="24" hits="74" branch="False" />
                <line number="25" hits="74" branch="False" />
                <line number="26" hits="74" branch="True" condition-coverage="50% (1/2)">
                  <conditions>
                    <condition number="10" type="jump" coverage="50%" />
                  </conditions>
                </line>
                <line number="27" hits="74" branch="False" />
              </lines>
            </method>
            <method name="AsStationaryShape" signature="()" line-rate="0" branch-rate="0" complexity="2">
              <lines>
                <line number="36" hits="0" branch="False" />
                <line number="37" hits="0" branch="False" />
                <line number="38" hits="0" branch="True" condition-coverage="0% (0/2)">
                  <conditions>
                    <condition number="10" type="jump" coverage="0%" />
                  </conditions>
                </line>
                <line number="39" hits="0" branch="False" />
              </lines>
            </method>
            <method name="Scale" signature="(System.Single)" line-rate="0" branch-rate="1" complexity="1">
              <lines>
                <line number="43" hits="0" branch="False" />
                <line number="44" hits="0" branch="False" />
                <line number="45" hits="0" branch="False" />
              </lines>
            </method>
            <method name="Scale" signature="(DIKUArcade.Math.Vec2F)" line-rate="0" branch-rate="1" complexity="1">
              <lines>
                <line number="47" hits="0" branch="False" />
                <line number="49" hits="0" branch="False" />
                <line number="50" hits="0" branch="False" />
              </lines>
            </method>
            <method name="ScaleX" signature="(System.Single)" line-rate="0" branch-rate="1" complexity="1">
              <lines>
                <line number="52" hits="0" branch="False" />
                <line number="53" hits="0" branch="False" />
                <line number="54" hits="0" branch="False" />
              </lines>
            </method>
            <method name="ScaleY" signature="(System.Single)" line-rate="0" branch-rate="1" complexity="1">
              <lines>
                <line number="56" hits="0" branch="False" />
                <line number="57" hits="0" branch="False" />
                <line number="58" hits="0" branch="False" />
              </lines>
            </method>
            <method name="ScaleXFromCenter" signature="(System.Single)" line-rate="0" branch-rate="1" complexity="1">
              <lines>
                <line number="60" hits="0" branch="False" />
                <line number="61" hits="0" branch="False" />
                <line number="62" hits="0" branch="False" />
                <line number="63" hits="0" branch="False" />
              </lines>
            </method>
            <method name="ScaleYFromCenter" signature="(System.Single)" line-rate="0" branch-rate="1" complexity="1">
              <lines>
                <line number="65" hits="0" branch="False" />
                <line number="66" hits="0" branch="False" />
                <line number="67" hits="0" branch="False" />
                <line number="68" hits="0" branch="False" />
              </lines>
            </method>
            <method name="ScaleFromCenter" signature="(System.Single)" line-rate="0" branch-rate="1" complexity="1">
              <lines>
                <line number="70" hits="0" branch="False" />
                <line number="71" hits="0" branch="False" />
                <line number="72" hits="0" branch="False" />
                <line number="73" hits="0" branch="False" />
              </lines>
            </method>
            <method name="ScaleFromCenter" signature="(DIKUArcade.Math.Vec2F)" line-rate="0" branch-rate="1" complexity="1">
              <lines>
                <line number="75" hits="0" branch="False" />
                <line number="76" hits="0" branch="False" />
                <line number="77" hits="0" branch="False" />
                <line number="78" hits="0" branch="False" />
              </lines>
            </method>
            <method name="Move" signature="()" line-rate="0" branch-rate="1" complexity="1">
              <lines>
                <line number="83" hits="0" branch="False" />
              </lines>
            </method>
            <method name="Move" signature="(DIKUArcade.Math.Vec2F)" line-rate="0" branch-rate="1" complexity="1">
              <lines>
                <line number="85" hits="0" branch="False" />
                <line number="86" hits="0" branch="False" />
                <line number="87" hits="0" branch="False" />
              </lines>
            </method>
            <method name="MoveX" signature="(System.Single)" line-rate="0" branch-rate="1" complexity="1">
              <lines>
                <line number="89" hits="0" branch="False" />
                <line number="90" hits="0" branch="False" />
                <line number="91" hits="0" branch="False" />
              </lines>
            </method>
            <method name="MoveY" signature="(System.Single)" line-rate="0" branch-rate="1" complexity="1">
              <lines>
                <line number="93" hits="0" branch="False" />
                <line number="94" hits="0" branch="False" />
                <line number="95" hits="0" branch="False" />
              </lines>
            </method>
            <method name="Move" signature="(System.Single,System.Single)" line-rate="0" branch-rate="1" complexity="1">
              <lines>
                <line number="97" hits="0" branch="False" />
                <line number="98" hits="0" branch="False" />
                <line number="99" hits="0" branch="False" />
                <line number="100" hits="0" branch="False" />
              </lines>
            </method>
            <method name="Rotate" signature="(System.Single)" line-rate="0" branch-rate="1" complexity="1">
              <lines>
                <line number="102" hits="0" branch="False" />
                <line number="103" hits="0" branch="False" />
                <line number="104" hits="0" branch="False" />
              </lines>
            </method>
            <method name="SetRotation" signature="(System.Single)" line-rate="0" branch-rate="1" complexity="1">
              <lines>
                <line number="106" hits="0" branch="False" />
                <line number="107" hits="0" branch="False" />
                <line number="108" hits="0" branch="False" />
              </lines>
            </method>
            <method name="SetPosition" signature="(DIKUArcade.Math.Vec2F)" line-rate="0" branch-rate="1" complexity="1">
              <lines>
                <line number="110" hits="0" branch="False" />
                <line number="111" hits="0" branch="False" />
                <line number="112" hits="0" branch="False" />
              </lines>
            </method>
          </methods>
          <lines>
            <line number="8" hits="3" branch="False" />
            <line number="14" hits="20043" branch="False" />
            <line number="24" hits="74" branch="False" />
            <line number="25" hits="74" branch="False" />
            <line number="26" hits="74" branch="True" condition-coverage="50% (1/2)">
              <conditions>
                <condition number="10" type="jump" coverage="50%" />
              </conditions>
            </line>
            <line number="27" hits="74" branch="False" />
            <line number="36" hits="0" branch="False" />
            <line number="37" hits="0" branch="False" />
            <line number="38" hits="0" branch="True" condition-coverage="0% (0/2)">
              <conditions>
                <condition number="10" type="jump" coverage="0%" />
              </conditions>
            </line>
            <line number="39" hits="0" branch="False" />
            <line number="43" hits="0" branch="False" />
            <line number="44" hits="0" branch="False" />
            <line number="45" hits="0" branch="False" />
            <line number="47" hits="0" branch="False" />
            <line number="49" hits="0" branch="False" />
            <line number="50" hits="0" branch="False" />
            <line number="52" hits="0" branch="False" />
            <line number="53" hits="0" branch="False" />
            <line number="54" hits="0" branch="False" />
            <line number="56" hits="0" branch="False" />
            <line number="57" hits="0" branch="False" />
            <line number="58" hits="0" branch="False" />
            <line number="60" hits="0" branch="False" />
            <line number="61" hits="0" branch="False" />
            <line number="62" hits="0" branch="False" />
            <line number="63" hits="0" branch="False" />
            <line number="65" hits="0" branch="False" />
            <line number="66" hits="0" branch="False" />
            <line number="67" hits="0" branch="False" />
            <line number="68" hits="0" branch="False" />
            <line number="70" hits="0" branch="False" />
            <line number="71" hits="0" branch="False" />
            <line number="72" hits="0" branch="False" />
            <line number="73" hits="0" branch="False" />
            <line number="75" hits="0" branch="False" />
            <line number="76" hits="0" branch="False" />
            <line number="77" hits="0" branch="False" />
            <line number="78" hits="0" branch="False" />
            <line number="83" hits="0" branch="False" />
            <line number="85" hits="0" branch="False" />
            <line number="86" hits="0" branch="False" />
            <line number="87" hits="0" branch="False" />
            <line number="89" hits="0" branch="False" />
            <line number="90" hits="0" branch="False" />
            <line number="91" hits="0" branch="False" />
            <line number="93" hits="0" branch="False" />
            <line number="94" hits="0" branch="False" />
            <line number="95" hits="0" branch="False" />
            <line number="97" hits="0" branch="False" />
            <line number="98" hits="0" branch="False" />
            <line number="99" hits="0" branch="False" />
            <line number="100" hits="0" branch="False" />
            <line number="102" hits="0" branch="False" />
            <line number="103" hits="0" branch="False" />
            <line number="104" hits="0" branch="False" />
            <line number="106" hits="0" branch="False" />
            <line number="107" hits="0" branch="False" />
            <line number="108" hits="0" branch="False" />
            <line number="110" hits="0" branch="False" />
            <line number="111" hits="0" branch="False" />
            <line number="112" hits="0" branch="False" />
          </lines>
        </class>
        <class name="DIKUArcade.Entities.StationaryShape" filename="DIKUArcade/DIKUArcade/Entities/StationaryShape.cs" line-rate="0.3636" branch-rate="1" complexity="3">
          <methods>
            <method name="op_Explicit" signature="(DIKUArcade.Entities.StationaryShape)" line-rate="0" branch-rate="1" complexity="1">
              <lines>
                <line number="19" hits="0" branch="False" />
                <line number="20" hits="0" branch="False" />
                <line number="21" hits="0" branch="False" />
              </lines>
            </method>
            <method name=".ctor" signature="(System.Single,System.Single,System.Single,System.Single)" line-rate="0" branch-rate="1" complexity="1">
              <lines>
                <line number="9" hits="0" branch="False" />
                <line number="10" hits="0" branch="False" />
                <line number="11" hits="0" branch="False" />
                <line number="12" hits="0" branch="False" />
              </lines>
            </method>
            <method name=".ctor" signature="(DIKUArcade.Math.Vec2F,DIKUArcade.Math.Vec2F)" line-rate="1" branch-rate="1" complexity="1">
              <lines>
                <line number="14" hits="31630" branch="False" />
                <line number="15" hits="15815" branch="False" />
                <line number="16" hits="15815" branch="False" />
                <line number="17" hits="15815" branch="False" />
              </lines>
            </method>
          </methods>
          <lines>
            <line number="19" hits="0" branch="False" />
            <line number="20" hits="0" branch="False" />
            <line number="21" hits="0" branch="False" />
            <line number="9" hits="0" branch="False" />
            <line number="10" hits="0" branch="False" />
            <line number="11" hits="0" branch="False" />
            <line number="12" hits="0" branch="False" />
            <line number="14" hits="31630" branch="False" />
            <line number="15" hits="15815" branch="False" />
            <line number="16" hits="15815" branch="False" />
            <line number="17" hits="15815" branch="False" />
          </lines>
        </class>
      </classes>
    </package>
  </packages>
</coverage>